[
  {
    "line": 2,
    "elements": [
      {
        "line": 4,
        "name": "",
        "description": "",
        "type": "background",
        "keyword": "Background",
        "steps": [
          {
            "result": {
              "duration": 641937500,
              "status": "passed"
            },
            "line": 5,
            "name": "user launch the facebook application",
            "match": {
              "location": "LoginSteps.user_launch_the_facebook_application()"
            },
            "keyword": "Given "
          },
          {
            "result": {
              "duration": 35362757400,
              "status": "passed"
            },
            "line": 6,
            "name": "user click forgotten password link",
            "match": {
              "location": "ForgottenPasswordSteps.user_click_forgotten_password_link()"
            },
            "keyword": "And "
          }
        ]
      },
      {
        "start_timestamp": "2024-03-01T16:33:38.055Z",
        "before": [
          {
            "result": {
              "duration": 45443848100,
              "status": "passed"
            },
            "match": {
              "location": "Hooks.beforeScenario()"
            }
          }
        ],
        "line": 15,
        "name": "To validate searching forgotten account using mobile number",
        "description": "",
        "id": "to-validate-the-forgot-password-functionality;to-validate-searching-forgotten-account-using-mobile-number;;2",
        "after": [
          {
            "embeddings": [
              {
                "data": "iVBORw0KGgoAAAANSUhEUgAABVYAAAJpCAYAAABGsmnkAAAAAXNSR0IArs4c6QAAIABJREFUeJzs3Xt8FeW97/FvEOSOIpckQihSqFYFQwKlgFq1lKvZIFJrOXQfxUBhl2xoKSooNRYBK9VCwzlEjMiuHGot0tBwtVQpCm52SIjgBQpF5GISCIIgN4Xk/DEza83Muk4IWbl83q8XL1mz5vLMMzMg3zzPb+IqKioqBAAAAAAAAAD1xKlTpy57Hw2qpCUAAAAAAAAAUI8QrAIAAAAAAACARwSrAAAAAAAAAOARwSoAAAAAAAAAeESwCgAAAAAAAAAeEawCAAAAAAAAgEcEqwAAAAAAAABg89e//jXiOnEVFRUV1dIaAAAAoBY7erRMJ06e0rnz58X/QqM2i4uLU9MmTdT62lZq375tpfbB84C6oiqeh0WbvlTe+2f1cfFFfX2p7j8Pja6K07cTGyrttmaaeFeLWDcHqLRTp06F/M4eqv7bv/1byPUIVgEAAIAwLnz1lQ4cOKzGTa5W2zbXqXmzpoqLi4t1s4BKq6io0Jmz51R2/HNdOP+VOnfuqMZXXx3VtjwPqGsu53n49PhFTVz2uXYe/vqKt7Om6tGxkRaNuU7faNMw1k0BPAsVrAYbqRoqXCVYBQAAAMLY88/9at36GrVv1ybWTQGq3NFjx3XixBe68Vtdolqf5wF1mdfnYeiCo/U6VLX06NhIaye3j3UzAM+CBavhpv8HC1cJVgEAAIAQjh4t09nz59W5U8dYNwW4Yg4cPKxmTZpEnAbN84D6INrnYdGmLzV7zRfV1q6a7olh11AWALVOuFIA0eLlVQAAAEAIJ06eUts218W6GcAV1bbNdTpxMvI/LnkeUB9E+zzkvX+2WtpTW9AfqK8IVgEAAIAQzp0/r+bNmsa6GcAV1bxZU507fz7iejwPqA+ifR4+Lr5YLe2pLegP1FcEqwAAAEAIFRUVvJgHdV5cXJyiqRDH84D6INrn4etLVFW0oz9QXxGsAgAAAAAAAIBHBKsAAAAAAAAA4FHDK7HT3cXS3z6UvjhnfG7bUhraXerU5koc7co7dlr6+0fSoc+lA8el9i2lp4bHulXe7Tsqbd0nHTwufXpcuvNb0k/6xbpVAAAAAAAAQGwUFRV53iY5OVmq6mD17FfSz5ZJr20L/O7kWenxoVV5tOrz7l7p4SX+zwNujmVrKm/pu9LzG/yfO7SOZWsAAAAAAACA2qtKSwH8Zm3wUBUAAAAAAAAA6pIqC1aPfyk9t66q9lazRfGCQAAAAAAAAAB1WJWVAth+IHDZs6OkgbdK306sqqPUDA145RcAAAAAAIjWnW31UVpjtTp3QbN+VaYXq/nwP52QqJnfbKBT//pCN2d/Wc1HD6VMc6acVE6Ib9PHdtWMHtXcJIfTKtwppfRoGeIzgtpZpsIebZXiW+C+zg307PQueiA+Ru2rYlUWrJa5nsv+3aTJP6iqvdcsjFgFAABAaEXKnpCjwlBfJ6Tp6cxBuhJjD4rXPKOn8nub+zfaoQkLNSH5ChwsSoUvTVK20rV4XAwbgRgK9zwka0J2uu0f33UL9z4QndgHqMGc1utzS7U+JV5LegT7jKB2HlKXJdKK+dYCM1RNvlb7H2orSTq2Yb/6zN0v1ZFwtcqC1YuXnJ8TrqmqPQMAAAC1T0oMAs3EYU9q8bDqPSYQjWDPQ+FLk5SdueGK/aABgN+L2cXVPkoW0M5zylFjrTBDVUlqN6idni0s1fqi03pgUO0f/XvZweqf86U9JdLOQ87lZaelzf/0f+7eQWrd3P95d7G08SPpgyNS6RfSzR2k4cnSd7oY3/+ft6QTZ4zf39BO+l/fDTz2F+ekNz+QPi429nepQrq1g5ScJN15o3RN0+BtPlAmvfWxsd3eUiME/nai1KeL9N1vRj7nuDjjv3tKpA0fSEUHpVPnpOROUso3pKFR/PRi12Fp6z5p31FjP4nXSN9KkG5LkgbcHHn7MxeM/tt12Nj+zAXplg7SjQnS978tJV4beR/B/P1j6b19/s9Nr5amDqrcvgAAAAAglJS0NCVm5mtHySAlJsS6NUDNYU3b9zl6Vh3nnbCt0UJ/+vU16t9Uksq1Je+0NOAa9W9ari15xfrR5tD7tEoB2D+vaXmNftzeXDFGpQoiKVy6T6OKrE/OqeSFS/dpYWIzdV13Vjm2EbCObeKb6dnEs3pc/pGTKv1MY+ee1SZrt75Rlcbo1MdLJa0rVZfCE3pCX2m27/NpbZt+vdrJGqF5wdfOu4bEa4kZFh7bsF99CptoRcp5jVpXbq7RWCvmJ4Ueqe9uk6NdJtcxnd/b2h6kr0Kfs/XdeQ0OWN+/rHDpPo3StVqhk46+3Tb9erWztWvUlH3mdUjSft/o1bqpSoLVvPcDl/9jj/HLUvS0P1h9KjfwRVfrP5Be2CANvEVaMlb63ZvSEfPPjbtvCgxW/7hNevTPRoBr99cd/t//6t+k6a6f2Ac7tl3Pb0h/zZDaRgjNF/5dmva6c9mancZ/+35T+sM4qWPrwO2OnZZ++Sfp9fzwbVj0EyNkDeaP26THV0hHTzmXr9vl/33mcOmxoeHPwe39Q9IP/4907mv/smXjvO0DAAAAUSrZoKcy89UnLUG5eda/Toyp0XppkrILzEWp9qnEJVqb+YxyS+w78k+ndpYCiLYNeSq2PtuPVbJBT2UeUp+0EuXmlYQoYWCWG0hLU3Gefz+BoxNLtTZzkr/dqa7p0eHa4StpkC5l+6eUJ6Y9qaeH2dK4ohyNz/b9qzvwe9R8rmso93V0fx/22UjQiMwnNTTBWL6tt20/1rOX+aSGmovc0/YL7c+gb1/+dVddn6bEvDwV2u53xzYJaRrRoeq7CHXfvGkd/CGnpX0zHf71VWbgaQ9VJamB+qe11KlzlTteq29eox/bFzRtrMkTWujFGlOH1QwK1Uzb5hthZrCp5JvWndfg6V213/x8bMN+jSryh5jHNuxXn3WSrD8yzBAwfWxXc2q/MWW9y1Jp/0Nt9cB0SdbU/0EtJZ1WS8dna5+NtGJ+VzMoLdOcKaUaK/nWUelZLVS89s9v6TuXUUvLnEGpT5nmzD2rrr42We08qTk72xrlEmztnmFr99gNjbVkkEL01SF1nZ+klAjnHLWik1o/tqv2P+Tfx2MbTmvJoCTtH2uVAggdHhcuLdXjpY21og6MVlVVlgIIp0kjYySlJP34RSk3ZMEp6c0PpbTfS1+eD73OtNeNYDOSX/9V+tF3pC7tjM8/+K307t7w2+z4VLp3gbTpMaPdwbz7T+lvH4bex3v/kvrMkgozpfhW/uWfHpf6zZY+PxO5Dd99RnrjZ4GjX6f8UXpxU6gt/TJXSZv2SOt+HnldyQhpRy50hqoz7pXu7xXd9gAAAKiMEuXm99bT2elKNIOh7AmTlDJhoRaPswKgHGX3toKbZ5TbIV2LM52hY/ZLRd7rOJohVcqEhXo62b+v8XKGmrmfpWtxdvh9F+bla0TmQiN4KsrR+OxntNYWRKkgTwcnLNRi23Geut4MuqJqh1SYvV0Tshdqgq/tOVqbahyjeM0zeiovQROyF5r/kCtS9oRn9JQIV2uuEq3NzlNxQpp6Jpj3enaJ/z6yflCQZ15nub837/0Qz0bxmmf0VPYG9cwcpJ69E5Sb/76KhyUoUVJxQb6KVaKDJZLMff1PgZQyIdkf0CpNT2cbP0goXvOMnsp8RrLd08V5+eqTuVATbG3NLnD9kCNPUmpsehe11J1tNcwMVffmH9Hdr0tSa709r5m6NW2sBx+QXixpou6+karm6NQH4nW4d2Xfsn1Rf5xWqmm2ULdVyxBhyBWSs2RfwAusfCM/S09rfWkDPWuNEA01lTy+ie721ess00vrypU+1h/uWds8bn4uLLwgJV9rq+3aVjPGnlPOknPGD0witvq03i50HsPaR5clJ1U4qKWMsXKNNckXILbU3SnHpMKvdEzynY/s2893BZw9mipd/tGpQds93z/iNLCvumj/oKo6Z1N8M42z7WNw8kmNKr4gKXJQaowibqBnp4cZtVvLVEuwao28XP1+8FA16TqpXUup8FPj845PQ+9r40fBQ9X4VlKnNsY0/2PmKNapg/yh6oK/BYaqt3eTet0gfXLMmNJ/3gwV3z8k/Wat9NTw4G2wh4+d20rXNjPKAdh9fkaa8Yb08sP+Zf+eExiqNm9slCE49LlU6hqBOm6p9MEs/0jftTuDh6pd2kktmgSWY9i02xgF/IsopvKP+r/SZyf9n+9LkWamRd4OAAAAwRVmT9L4IMvdozlTRlijQBPMAKi3hlvfJ8Q7RoimjFuoxY69Jes7qQr9oqxw7csvklLTbW1J1oQJyRqfvV2F45J9/+BJ6R05sE1MS/eHqMnpmpA6Sdl5RRpqBaMJaf5zMtuc/ZmRakXbjsS0e/3/CEvupRTlmMFYiXbklyhlwpO2f6RZ+1itwmF19+VItUnQ58E+CjphkJ7Odv7DJTG1txLzzKl+JYf8I5olc6T2QvP3JSo5Isk2QtRRb9jcj1FyoEQ78qURacnKzS+SkpOlou0qVLJxD5a8r20lCRphG52dOCxdI/Kf0baCEg21gvqE3kYgLEkq0qo85z1obZN7mf2GeibhKrWSMfX/bt8M2RN67V9NNPObDdTtG60lWeuc90/5f/2MttxqH8XqwdGvNM387bRPL+rH7aslJnII+/Kq0kvapEaa5HjJkRFQPm4P8xKv9geVpV9pnxposGubronW/PjT2lcs3ZXS2HmsHk2VrlPaVyqlRHyp0gXtKw0eCku2/cZfpRCTkcNwT+eX0sO12xK0r/z7jHjO0TbP3tde7DykUUVS+ti68dIqy2U/Ma//h/HfV7dK4//Lv3xUL+lV1zTy2audnzu3Ndbp1dn4fP5r6bE/S4v/Efp4j/3Z+TnpOumVsVL/bv5lHxyRXt4sPWkGg19ekJ5d69xu7c+NEgOWz05KfZ7xlxZ48R+hg1XJCENfHS/dcr3x+dR5afJy6bVt/nWW/7dRjuAbbaSVBdL/7HfuY9Z90i8H+z9v+EB66GXp5Fnj8+dnpOc3SM+MND4/6jr3HknS/xsvdTV/onXyrHEN8myzY55dK429wwh/Q3nkFSn/E//n5E7Sy2NDrw8AAIDIont5VYI6VWJApTEazlYPwPOoOCOISuztOnhyL6VotUps06mjaV9iB+dKidcnSPml/iCsQ3yI0gRRtCMh+DHs+zhYEirI5m3sNUX0L3MzRqL6f1hgXvfkezUi4RnlZk4ywkpHGYAEDR2RrNzsHI0vUMDUfSXcpj4Jeb4g/mBJgr6TmqTEPCO8TzxSIqWawX3JIRUrQQmO2838ocdnthvSfk+XlKpYCerj2iaBUgCoBU6d/jqKtWqeQ8XlUazlUelX2iepq4d1w4XCxzw3wJhWnyOz9un0tr5lV4yXc75MgSNm64Yq+1FERYTP+44Gjup8Zaw/VJVZMmDBaKngU6ngQOAx/vtf0kefOZe9Os546ZTdrR2k39mKhKwu8oeVkpQxwBmqStL110qT7jGm0EvGi7N2fGrUOw3GHqpKUqsmxvkUHDBeiGXJLZQm/0Ba8o5z+x/3cYaqkjToViNEnbTMv+y/thrLNu2W/nXUuf6ycf5QVTLC0/9Kl255Uio2n7vT56XcHdJD/YOfx/w3jQDYEt/KKEHQtHpH/gMAACAK/hqOyZqQbYyOM2pDVpESIwztVFX7q452mOtGH9yhRrLV2U1Me1KLhyX4aqEaEjQ0c6GGyl8KYnyBLWBNTtfibPmn8mdOUq4vYDVCztz8IknbVZjaSxMSElSSkK+SkhKV5JcoZUT4m6f4s5Kw3wNVouSSTqmhWrVvprcfOOErBfCg+SKrvZ+ekEramus00Z/ulFkKoHnlRqvWBvFX6S6dd40ijTByM/5qddVZ7SuV5NrG+ImIMXp1k3v6etgRnyGOUXxa6lFFtUJ3nlOO++VWjuAzRLt9bQrWV5YozrnUvY31vTQ4yFcwVLYIh2cfHnF+7tRG+u43g6/74HeCLy9yTXXv2j4wVA2m0BXovv2xNPD5wF/uF0rtDvF3Z3InZ6hq90Bv17Gt8gauNjzYJ/j27nMvOy19UibtPOxc3qeL1C3Iw960kXRfT+cy+2hUu7d3S9Pf8H9u0khaOckImQEAAFDTWHUgF2pxtjW93ZwC7ZkRNAWERUFH60VWfMS5n+LPSsKMUq3idpjlEtxtQO1SXJCv4oQ0PZ290PaSKff0f1NyuhZnL9TiCclSwXZXKQwjgF2c/aRGJJRoW4FxX6T0NtbNzi8yy1skqGdvaVveam0rsY3MTkhSokpso7blH1l9fYgbMiFeiVbNVtc2QICmjTVzXgcddv36aEILaXOZ1pgDqrr1tr5rpm6SdO6CXntd0ubz2nVO5kurzHV6N6j0y6tqvPiWGhxfrseXfOYbAXpswzE9XtpAg5NDBZptNW5IA+UsOeT788HYxr9GSkpjqeik5uy0lpRpzpILUnJT8+/XluqaKDOIDPbZOMamdcf0um2/hUv3qcvczyoxWtXytREIW22ae1b2ipBGu08FHnNpmb+v1pX5vyz9TGOn7NfrpVGcc/zV6ir79qf1+poL8iT+Kt3lOAdb2x/q6u0lWbVElQWrcRE+f+m6FknXhd5XlxDFGtwvtAq1nttp1x8wHxyR3vln4C/3aNjjIV6C56XtJV8Y/z3vGl0fah/NGwcGm6VfSGe/ci67Icy5d3UFrlYb3NylCW6+XkoJMUIXAAAANYM9QCx8yf4WdG+MoClH/pesFyk7u0hK7eW5JmlxXo7WWu0oylF2QYJGpEU3fPTy25Gs4WkJzjaYI3nHZ24IHsyhZrIHqSUb9FS2rcZZUY7GT3jGeY3zrfukRGszJ2n8S7b1zVqpfVKtUgK9lKIiFRb4Q9TEDgkqLihSsb1easJt6pNQotxs/71TvCZHufZ9BTDuwcJsfwkDY5sq6BPUO9PmHdGsf7mmuR89q46/KtOLkqQv9aNffaEtvpyjXFvyTmtXtbe0urTUA9O7akXiWfWZsk9dpuxTn3XSs9PD1+lsN6iLViRf0Chrm8Imetb+11KPJO2f3kz7lhjfd5lyUjnJ1zqCPyuI7DLFCGjdn9sN6qJtQ6TH51r72KdRxc20zfbyKE96JLn2d1IaG69n46WcwjJ/u8c2ch5TVrtb6oHp8Xq2+KTvuy5zz2uw1VcRz7mtZkxvpruKrO2PScOa6S4v52CFu3P3aeyG046vfAFwHVNtpQBaukZol51WSGUhAs0WTZyf3S97CqVVJYfEh6pLejTMcd1tv9rs4RZNnOFo2WlrCHog9wuuml0ttfDQf+5AuNnVwdfr11Xaus//ufBTo8br0kdC7xsAAADRCfXyKmMaf2VeqJSsCZlpeirzGY3PMxelpuvptNV6yqoV6Wl36VqcuUFPZdra6ahbGb2UtN7aZtW+dNe3rIZ2JA57Uk/rGT3la4PrxUio8RKHPakJn01S9oRJ5pIEjchM18HMHPOlUel6Oi3YNTbuk6GZ6To4waqxakiZsNB2H5ovejtiC1HNsLW49222+8QY8Zrw0iQ9NSHPtyzSPe27B632J6RpRGoeL6+C3+Yy3bw5ivUkvZhdbIaoQdzZVh+lNVYrSXvzjxjlAu5sq48i5B7ufQY9xuul6vi6e+GVZHujfQQpD3XVfo/fuZcXLt2nuxLtL5a6XkvmhzlojyTtnx/msxmu7g/xwvBg34VbP+T3PVrqgXDtcmipB6a71reLdM5Bvn/A9jlYXzuXhT5+uGtYm8VVVFS4M9BK+cNW6ae2l1fd38uoAWp5/5D03Wec23w0W7ohyDM0+kXpL7b5HHffZLxsauNHUtoC57q75xgvhwonZ7OU8f/8nyf/QHp2VJQnJqMto21/4jRpZBw3vlXguoOelzb/0/95/PeMurHfn+cMMX852Hh5ldum3dKQ3zmXHfu99O5e6b4s/7Jrmkr/fNao7ep2+1xnjdoZ90oz06QnVxovw7I8NtTo/wl/cG7/6BDp6RHB+wIAAKA+2fH+h+p52y2xbkYNZrxoSNQ3rfWiudd5HlBfRHOvd5wWq1oPLfSnX18TvKbquQua5RvZWv0Oz6spb2wzXvi0b0i8lgwyywXsPKQuS76OONIV9cupU8bIyaKioojruiUnG//jU22lAG5LMsJAu4xlCpBX5AxV7foFeU3Z+KXOF1NZfr/RCHMlacDNzu9e+odRXzSUeeuC79Ny/mtp8vLA5X/Y6gxVJenObxn//YHrz+Tfrpd2umrGfnFO+sVrzmXfu9EYrXp7t8B1f/mnwDa8uCnwxV+Dwvx98L/7GwGr3XPrpKVbQm8DAAAAAABi4Uv96Fdntde9OMahas1iTGnXulL/lHhCVVwhVVYKIBpj75B+96b/898/lgb8VrrrRuPzF+ekhX8PvX2zq6UpA4032Vs2/1Pq/itjVGun66RDn0v/vV86eFy641vSm1Olzm2l+1L8ge3Zr6ShvzPCzoG3GDVJdx0yttuyT/rirHTqfPARpZZVO6R75/tfwFX2pRFq2nVobYzclaT0O4zA1l4OYMBvpZ/dI11lxtt/KZQ+dhWB+oU5BLxFY2nS95398+pW6cQZI7SWWaLgJdfUgtu7Sd+J8IKvzOHSp8el17b5l038g1HrdSA/kAYAAAAAoAY5obunnYh1I2q2SFPegSpSZcFqeUX4zzKnpK/aIe23vR5ty17jl901zaSvvpbOfR2wCz15r/TWx87RnmWnpT/nB677zj+l3EJpRIo0/8dS0UHpE1ud3L99aPwK5rfrjdAz4ZrA7zq0lo6cMILhv38cfHtJyv53/+/btpRyHnaWFDh9Xnp2bejtJ9zlDDYzhxtBsv3cV79v/AqmXUvppYdC79/ulbFGGG0vV/DjbOmtR/3BLQAAAOCUrAnZC2PdCAAAgJioslIA0WjRWPrrfwavTWpfZ1VG6BdONW8srft5dG+v79RGusmsQt6+lfS3Xxpvvo/GiBQj4A1m3gNS/27Bv7Nk/3tgCYL7UqQ/pEd3/J8PlH73Y+ey5o2l9T+XenWOvH3SddLfpxmjdaP1xs+kb9mGxZ/9yqhp++nx6PcBAAAAAAAA1AdVNmI14Rpj6r0lVID5zfbS+7+WXt5sTFs/UCY1bSTd3EG6tYP0H3dLPZKMfZUaNWTVvaNzH9c1l7bMkN7YLv1xm7Rmp/P7e2+TRvWSfvQd5/IOraV3phtT8t8okPaWOr/v0VEa0kManiz1tAW3bVs4z+0bbaSNv5SeypXyP5E++sxoa/PG0oPfkX72fenbIV4/+sPeRij7h63Sn/5H2m2b+t+htXR/qvSTfkZfBNO6uXEOuYXSH/9H+usO5/cDb5Ee+I40MtXoV7sb2jnPwx26XttMWvWf0sRXpUvl/uW/XS9l/a/g7QEAAAAAAADqo7iKioogk/YBAAAA8BZ01BfR3Os8D6gvornXO047Um3tqS0OzwsxQgyooU6dMkZ0FhUVed42OTlZqu5SAAAAAAAAAABQFxCsAgAAAAAAAIBHBKsAAABACHFxcaJyFuq6iooKxcXFRVyP5wH1QbTPQ6OrIq9Tn9AfqK8IVgEAAIAQmjZpojNnz8W6GcAVdebsOTVt0iTiejwPqA+ifR6+nVhl7wKvE+gP1FcEqwAAAEAIra9tpbLjn8e6GcAVVXb8c7W+tlXE9XgeUB9E+zyk3dasWtpTW9AfqK8IVgEAAIAQ2rdvqwvnv9LRY8dj3RTgijh67LgunP9K7du3jbguzwPqOi/Pw8S7WqhHx0bV0q6arkfHRpp4V4tYNwOICYJVAAAAIIzOnTvqxIkvdODgYX155iw1JlHrVVRU6MszZ3Xg4GGdOPGFOnfuGPW2PA+oay7neVg05rp6H6726NhIi8ZcF+tmADETV8HfhAAAAEBER4+W6cTJUzp3/jxhEmq1uLg4NW3SRK2vbRXVyLxgeB5QV1TF87Bo05fKe/+sPi6+qK8v1f3nodFVcfp2YkOl3daMkaqo1U6dOiVJKioq8rxtcnKyRLAKAAAAAAAAoL6pimCVUgAAAAAAAAAA4BHBKgAAAAAAAAB4RLAKAAAAAAAAAB4RrAIAAAAAAACARwSrAAAAAAAAAOARwSoAAAAAAAAAeNSwoqIi1m0AAAAAAAAAgFql4Z69/4p1GwAAAAAAAACg2lyf0P6y99GwSZOmVdIYAAAAAAAAAKgvGjZseFWs2wAAAAAAAAAAtUrDBg0IVgEAAAAAAADAi4YNGjSIdRsAAAAAAAAAoFYhVQUAAAAAAAAAjxixCgAAAAAAAAAekaoCAAAAAAAAgEcEqwAAAAAAAADgEcEqAAAAAAAAAHhEsAoAAAAAAAAAHhGsAgAAAAAAAIBHBKsAAAAAAAAA4BHBKgAAAAAAAAB4RLAKAAAAAAAAAB4RrAIAAAAAAACARwSrAAAAAAAAAOARwSoAAAAAAAAAeESwCgAAAAAAAAAeEawCAAAAAAAAgEcEqwAAAAAAAADgEcEqAAAAAAAAAHhEsAoAAAAAAAAAHhGsAgAAAAAAAIBHBKsAAAAAAAAA4BHBKgAAAAAAAAB4RLAKAAAAAAAAAB4RrAIAAAAAAACARwSrAAAAAAAAAOARwSoAAAAAAAAAeESwCgAAAAAAAAAeEawCAAAAAAAAgEcEqwAAAAAAAADgEcEqAAAAAAAAAHhEsAoAAAAAAAAAHhGsAgAAAAAAAIBHBKsAAAAAAAAA4BHBKgAAAAAAAAB4RLAKAAAAAAAAAB4RrAIAAAAAAACARwSrAAAAAAAAAOARwSoAAAAAAAAAeESwCgAAAAAAAAAeEawCAAAAAAAAgEcEqwAAAAAAAADgEcEqAAAAAAAAAHhEsAoAAAAAAAAAHhGsAgAAAAAAAIBHBKsAAAAAAAAA4BHBKgAAAAAAAAB4RLAKAAAAAAAAAB4RrAIAAAAAAACARwSrAAAAAAAAAOARwSoAAAAAAAAAeESwCgAAAAAAAAAeEawp4sbPAAAgAElEQVQCAAAAAAAAgEcEqwAAAAAAAADgEcEqAAAAAAAAAHhEsAoAAAAAAAAAHhGsAgAAAAAAAIBHBKsAAAAAAAAA4BHBKgAAAAAAAAB4RLAKAAAAAAAAAB4RrAIAAAAAAACARwSrAAAAAAAAAOARwSoAAAAAAAAAeESwCgAAAAAAAAAeEawCAAAAAAAAgEcEqwAAAAAAAADgEcEqAAAAAAAAAHhEsAoAAAAAAAAAHhGsAgAAAAAAAIBHBKsAAAAAAAAA4BHBKgAAAAAAAAB4RLAKAAAAAAAAAB4RrAIAAAAAAACARwSrAAAAAAAAAOARwSoAAAAAAAAAeNQw1g0AAMCLioqKWDcBAACEEBcXF+smAABQbQhWAQA1nj1MLS8vj2lbAABAaA0a+CdFErICAOo6glUAQI1mharl5eW66qoGatm8qRo3aayGVzUU/14DACD2Kiqki5cu6sL5Czp7/oIuXSpXgwYNVFFRQbgKAKjTCFYBADVWRUWFysvLVV5erlYtm6tli+axbhIAAHCJi5MaNWyoRi0aqkWL5jr95RmdOn1GDRo0UIMGDQhXAQB1FsEqAKBGsoeq113bSk2bNol1kwAAQBRatmiuhlddpc9PnpLM8gCEqwCAuqhBFOsAAFCtKioqfMFqyxbNCFUBAKhlmjZtopYtmqm8vNz39zoAAHUNwSoAoEYqLy9XgwZxatWyRaybAgAAKqFVyxZq0CCOF08CAOosglUAQI1ijWq5dOmSmjVpHOvmAACAy9CsSWNdunSJUasAgDqJYBUAUOOUl5fr0qWLlAAAAKCWa9q0iS5dusioVQBAnUSwCgCoMazRLMaI1XI1atQo1k0CAACXoVGjRrp0qdzxdzwAAHUFwSoAoEaqKC/nDcIAANRycXFxqmC0KgCgjiJYBQDUOBUVFSpnRAsAAHVCOSNVAQB1FMEqAAAAAAAAAHhEsAoAqKEY2QIAQN3A3+kAgLqJYBUAUCMxYxAAgLqBv9MBAHUVwSoAAAAAAAAAeESwCgAAAAAAAAAeEawCAAAAAAAAgEcEqwAAAAAAAADgEcEqAAAAAAAAAHhEsAoAAAAAAAAAHhGsAgAAAAAAAIBHBKsAAAAAAAAA4BHBKgAAAAAAAAB4RLAKAKgHdmj+jQMUH+nXuFU6am6xfZ61/D+1suQKNKkgy3fcsW+EPoC/HQMUP29H8JVKVmms7zyytP0KNLdKOdob5rzqrR2ab7sXAQAAANRMBKsAANRgvX6SoWHWh5xXgoS8JVo5M0trzE/D5vxQvaq1hd4d3fJ3X3slSTnv1vwwuLoUZCn+xmmaG+t2AAAAAIiIYBUAgCB6Tduo0j0bVbrn9xqZEMOGJAzXs3NuNj98pImvukZ3FvxZEzebv78zQ8/eH8vGRqNE767/yLVsld4tiFFzapQdmj96VawbAQAAACBKBKsAgPrlzgzt2mOFpq5fLw1X+1i3L4j298/QojvNDznTNN8XQpZoZbYVxN2sRbNqZvsdSrZptRkED0sf7huNO/ctygEAAAAAqF0IVgEACCJojVV7bdB5OwJrhYaqi3nZNUUTNHLCcN+nudnGcY6+Mcc/WjX94cCRtbY6ruHquYauJ2urTWs/N0d92B1aOc6///kRRp76ywDcrHt/kqH/SDe/CFrmIERbIvW3p3VddWxD1tUtsZ2nq46t+76wzvWN/3T0i/1zwLVwlwDYnKXuEdoNAAAAILYIVgEAqIycaYr/XpazVujmLHV3h6YFWYHr5UxTvNcp36kZWmOFkJuz9Pgbq7R8hjWlfrjWTOvpWH37vAFBj7FmxpgqDevWzJjmD3c1XLenhlvbXgagmzolSL3usQLjj7R6S4hkNVTd0c1Z6u4OOb2sawaww3LcK3+kid8L/1Ixr+aOHqDuM5wlENbMGBMxiAYAAABQcxGsAgDqF2skoIcRjaEMm7PMKCHwD/sLpuwvYnLWzJy+fGPg+h70mjZP083fr5mR5QsPpy/PcL6wqiDLHxamz/OVOthl1WrdnKXHqyw0vFmL/mGVU8gI/+IsWxkApd9urJt6u/+c1m8Lcg3sfThca8xz8YXMWqVhvjDby7rS9nnTbH1oncMyX9mFNTPmRBhF64W/n3zXwV4CITVDpXv819dXsqKGlqcAAAAAQLAKAEDl2F8UlTDcP6Vde3XQCuMK3vWPnEyfpynWaE7HC6m86KnR7u3uzNBoxyhRe91V50hWe63WNTP+7Bq9WUnBShCE4C8DIE2/x2pXT93uG4n7d73rCjKPvvFK0AC510+McHr68o0qNc/Ry7oqWaX/awuffddGCRo5ywq+g7wsrJKGzZnh66f29z/sD1D/eZCp/gAAAEAtRbAKAEBlfKtTxJGERw/s9f3eHyQa2nfuVqnDOl5kFeyFVcFGhfok6PbBVjC7Su9WwTT0YV0So1zTXgbAWTIgXDmAg/utbW5Wpw62LxKGa8mejbZA1Nu6wUNea/0+utf3srB3qySA7tE5yvQZAAAAQK3RMNYNAACgWt2ZoV11Znq1Uae0Vij4s60W6yoNuzF4jdk1M/6s7fdHKCkAAAAAADUAI1YBAMAVt/2taF/WVTUjaQEAAADgSiNYBQDgCrFP9/e9pMhkLxNQpcJOYw89Hd/wkQ4esa9+UDurpFE79G5OFKuZ7H3VqYtVusDVNu3Q/BsHaKztJVxe1m3f//u+F4i5r034cgpy1tGVpCMHfWUFAAAAANQfBKsAAFwptjfeK+cV/xvmS1bp8Rkfhd7usjjrqA6b5w8Nj74xxzcdf9icH/oCQ38gaQ8ZS7RyZlbVBIaul3iV7tkY5Nc8W1/5A2H7i57mjs7yLbdeVLVmxhjFj1ulox7XdQbQ0zTfN0rWft43a9FPrPqrCer0LWsdey3YHZo/OtrRuAAAAADqEmqsAgBwxfTUlOXDNXf0KuMN898boInVcNT29/9ea/YP0LAcIzSMd48WvTNDz97vL85qjN78yAgTg61/mexlAAJeFOXTU7enS8qRWQ4gQ71S5erDYLVZ7S/w8rJugka+NE8Hb5ymuZLmjh7gD39Nw+bM0EhbDdte9wyXcox9rpkxRvEzKtcfoSWq052SNkvanKXuN2bVsZrAAAAAQN3CiFUAAK6k1AyV/iPDN+1cMkdtLh9+RQ/ba9rGwONKmr58o0rdQV3CcC1xr3tnhnbZR5FWmr0MQLDyA7Y23+Pvk7nZ5shSmX0YrC13ZmjXnt87wk9P66qnpuzZqF1zbnatPFxr9mzUkvtdbwZLzQi8bunzgvZz5Rhhr6Ptmw/qYJXsGwAAAEBViys99nlFrBsBAIAkVVRUqKKiQhcvXtSZM2d0Y7cusW4SAAC4THv27lfz5s3VsGFDxcXFKS4uLtZNAgBATa6+SpJUVFTkedvk5GSJEasAAAAAAAAA4B3BKgAAAAAAAAB4RLAKAAAAAAAAAB4RrAIAAAAAAACARwSrAAAAAAAAAOARwSoAAAAAAAAAeESwCgAAAAAAAAAeEawCAAAAAAAAgEcEqwAAAAAAAADgEcEqAAAAAAAAAHhEsAoAAAAAAAAAHhGsAgAAAAAAAIBHBKsAAAAAAAAA4BHBKgAAAAAAAAB4RLAKAAAAAAAAAB4RrAIAAAAAAACARwSrAAAAAAAAAOARwSoAAAAAAAAAeESwCgAAAAAAAAAeEawCAAAAAAAAgEcEqwAAAAAAAADgEcEqAAAAAAAAAHjUMNYNAAAglM8++yzWTQAAAAAAICiCVQBAjXX99dfHugkAAOAy7dm7P9ZNAADgiqAUAAAAAAAAAAB4RLAKAAAAAAAAAB4RrAIAAAAAAACARwSrAAAAAAAAAOARwSoAAAAAAAAAeESwCgAAAAAAAAAeEawCAAAAAAAAgEcEqwAAAAAAAADgEcEqAAAAAAAAAHhEsAoAAAAAAAAAHhGsAgAAAAAAAIBHBKsAAAAAAAAA4BHBKgAAAAAAAAB4RLAKAAAAAAAAAB4RrAIAAAAAAACARw1j3QAAAK6U/Xe0jnUTAACo9bq8cyLWTQAAoEYiWAUA1Gld/rI71k0AAKDW2n/fTbFuAgAANRalAAAAAAAAAADAI4JVAAAAAAAAAPCIYBUAAAAAAAAAPCJYBQAAAAAAAACPCFYBAAAAAAAAwCOCVQAAAAAAAADwiGAVAAAAAAAAADwiWAUAAAAAAAAAjwhWAQAAAAAAAMAjglUAAAAAAAAA8IhgFQAAAAAAAAA8IlgFAAAAAAAAAI8IVgEAAAAAAADAI4JVAAAAAAAAAPCIYBUAAAAAAAAAPCJYBQDA5vibmeo1eFjQX/M/DFxv8psnYtnciHbmBLY9wIcvG+eYs/sKt2a35g8epl6DX9bOIG2s0jaUvanJg4ep18w3dfxy1kENFPw+AgAAAKobwSoAAFFaNjVCQIkAO3Mih7pjV1TFkU5o1cxMrSqrin0h4nWrZjWtPQAAAIAkNYx1AwAAqIn6/2KZFgxs7fu8M2eYxq6Qlr23W1NuuSmmbfOiR/oabU+PxZFPaNXMMZqVL43pay27SVPWr9GUYKuPel7b0yvbr7s1f/BULVNvzfSyWduBWrB+YCWPWVcFu26xVNPaAwAAAPgxYhUAgCj06DvS+M2nB8NMG7emKJu/3FPMranntl/OUgIntGqmqwRBwNT4CMdwCVoKwJr6H246tWMddzttU7Fd52Qcxx+GyRzpa7TTOYX7+JuZ6jV1pbHSiqnqNThTq7YEK0sQbuq3FapKUr5mjQnSZ4422vYRrBRAkGsUaaSko5RBiHa61wnYp6u/I173wa7RuUHLGrj7rbLXLZgg96ptXXupDMe5B9mfu2/891o07bH3i3vEsruNzuvib+Obvn0ElPYI0q++ciG2ZY7nLNxzHvQ6We1kxDUAAEBtQ7AKAEAUdr5nBoDf6KQ2QdewB3ym/AUa5AtQdmv+mAXa4tpqywsLzDDFGSL5rJhqC3siHSMKH77sDzMlSSs11vE52DrSlhfGBKknu1JjXee0bOpl1r28sb/GSNKKLf79fLjFOOdR/dXD8w636teONq7U2FD9VfamJge5Rsumhg68jr+ZGaSUwUqNtQWj1mhn5z5t4WqQ/taKqf5wtexNTXZfdzNErtz0+Mu/bjtzgtyr+Qv0a9c9suWFMc5zd6xjBIruvtnywpgoa+0e0ssz7f2Sr1ljrPMI9jyt1NggofeWFxb49nFDh9bOL9v21j29JeVv1bvmc/ruO+ZO8w/piHmsTz6VpN66IT7Ccx6wP0ll+XorX1Lvfrq9bRSnDQAAgBqDYBUAgCC2vDDGMeLMCn/G9A0+Xf34m6+Z4d/z2r5+jbavX6Mlo4wg6dUP5ZsGv933a5lm9pakfH1Sat9Tb81cZl9vja8kQeRjROYLiH37sNphOaFVrxnrjHneasPzGiNpywsrA0Kp/r9YZqyzbLL6S5IO6ZOy1ho+y7/fMc+v0fZZAwMC6TYDM7X9+ZG29mRqeNubdM8oSVqptz50tjl439+kKWb7fH1nLymQn68brPOw2ugLxELoPVkbHNcqU8NDBF5tBmY6rpXvfKyRzWVv6uUVcl5Xc51l7+129LevL63zMcPlnblmUGdr14ZfGJ277LXKvXjrcq6brBITtvO22rPlYKlrzZFaYr9X7et8uNIMPm19Y7VnxWtaFbE9+dIdrj7TIX1SZtt3QJ+t1MsBPyDwt3HKLe4zba0bviH/c2qFoJL/HnUEo5Ge89a6/Y7ekvL1VqHRjuOFW7VFUv87eof4oQ0AAABqKoJVAACiYoQ/gcGL4chBM21ZMTUgjP3kSLDp/u7RdP7AZdaY4FOboz9GKP6RdTNHWOFjaw1/cKRtnVJ9Yp96PXiYevlGS5qhla1P7kkxR/hZI/GqgFV2wQged+utFZI0UveE6PvwbNu17aQbwq3qG024QIOiLLXgY03ld488LT1khKKjHvSHs7c8YoRu6TfZ+nukHvHV9LXCuUfUw37NJvtDxTYDHzSCRPvIx6hV3XWzpsUPesE9fNVkG2XsK6dhbXvkkCSp/y8m+/um7UA9MkqO4DGq81C8brCdh7Vv+7W02hgQ/kYYCe24H83r2X/USPU3n7vgwWio51xqk9JP/SVteSdfx30jYO3nAgAAgNqCYBUAgCD8owcjj1qMjlULcqVumBVspKh/9KM1+i9kzdAaI0k3XImpy7fYygFcVhkASb2T1CHqlVtruPvamMFcqCn3vjqdR0Y6R6zGin00btlBfRJ0pcu/blZN0Vc7uO9Zp/6d4i/vQGFVzf0XsY22+3H+eyuNEHREf90gacs7K/WqIxiN/Jw7ygF8SBkAAACA2oxgFQCAKtChk5me2Kbp26fy+6fxWwGhf2Som296uW9atDElPNIxIvNPa56Va4W1/qnoBv/IP38pgMqEy9axKsNfDsCq/xqqBIO7zVXDClhtU+7fCxZu79arLzhHG/pGSvqalmSb2m4us0a3znxTx31tt09Rt8K5TK0qs12zBfYXKJn3U0Ag5x9VbI2k9HruEa+br7yBfzSwbzS1B206JEmOOsPO0glGn1buPrL2HVjWwVUqIir++3HZCv+U/3tGScpfqWW2YDS659w2On3qAsoAAAAA1GINY90AAADqgjYDH9SYF/K1bMVU9XK8jKe3Zi7L1PAOSUZNyIDvLUFeTGWxQppIx4gi9OzRd6S0YmWYdhilAWblr9SyqcOc7ek9WRtC1NwMZ9nUYVrWe7I2zOoU9Ta+dkoeygAYI3xnjXpe20d4bKRCvETKFDzYNUPRfPO4wTZsO1CPjFqgLSsC1zHCNH9/b3lhjHq9YFvBDOvajJis/isWaEv+Ag0avMDZrgfN62GWOdiiMG3xyH/dXNfcd6yVGjs4eH9F5ZaRmtl7pWYF6z976YSA9kRxH/n2HaTPng9d0iMUx/1ovsCujW2ZLxiN+JwbjHIA+WbwTRkAAACA2ooRqwAAVAn7S5QstsDzlkd8L++RzFGnjpcY3aQpwaYN956sDb4RdhGOEY1bHnFNVx+pJe7p6wHrVC5UddTUjPTCqIB2jvT3RcQyANYIQJP14iivbnnE9jInv/6/WBYiiGut4ZPt6/fWzGXmNbTVPu2RvsZ57c19+kYZR+rvtgO1IOh1tweEN2mKq+1jnndvE53I1+0mTXHfQ64XbkXHGBkcrG/so0ordx85X3xlqUyoKtnKAdhDdms0sj0Yjficm3y1ZCkDAAAAUJvFlR77vCLWjQAAQJIqKipUUVGhixcv6syZM7qxW5fL2t/+O1qry19qan1ShHdCq2YaL/6pdBgG1GA7c4yXzzlCdqAG2n/fTeryTjQvSAxtz979at68uRo2bKi4uDjFxcVVWfsAAKisJldfJUkqKiryvG1ycrLEiFUAAFAjfbjSfJt6tGUAgFokoJYsAAAAaiNqrAIAgBrEP1LVmO7+SIQyAEDtYo1UlaQxz3t5IRwAAABqGoJVAABQgxh1N4fHuhnAFdIjfY22p8e6FQAAAKgKlAIAAAAAAAAAAI8IVgEAAAAAAADAI4JVAAAAAAAAAPCIYBUAAAAAAAAAPCJYBQAAAAAAAACPCFYBAAAAAAAAwCOCVQAAAAAAAADwiGAVAACbY+unKim1b8CvrF3WGseV+1hfjV9/PLYNlaRdWUpKzVJB0C8/UJaj3VWgNE/jU6cqt9R+/L5Ksi9DjVKQ01dJOR/EuhmxY39Gwj4vsVc/rlUN+vMTAACgChCsAgDgNmCGCgve0yHr19LReu6h+hkeHls/VUmP5elYwDfHlbtsuYbMXq1DBc9rRHxMmlenhO5rAAAAADVRw1g3AACAGq/7aGUNuFdrdxzXiMGxboxN9wwdqs7hd/FpWlyQ5mxChzbV2AB4lZr+ng7FuhGxVN3PCAAAAOoVRqwCAHBZjCn3gSUD5Jv26i8pYJuGXJqn8SG3C7dPG/fUZt/U/L5Kynk7ynaaU3Nzsmzt8U+dTnliq7RxjlIey9MxXymA48p97F5lbJSee6ivkuZna7xjirWxz8B2By4/tn6qY/pzQY6tv9zLbZ/tozsLcmztDzHi07Ffd+kCx7VwfheqPSG3cZdLcJRk8NDX7hNwX2vXcRzttG3v77cwxw5yrlk54afNh+xPs51Ztu/DTft2lN6wn7e5n1zb91m7XG203UeR2hNNthru3gt/f4V5zoOsN359nv9ZDNjfJ7Z9Oe/FSH0Vus+j/PPEvKeycqYG6YfAKfz2Z9L4fZ6t7VkqcBzX3SdbQ/ZB2PN8LEtZj1F+BAAA1BwEqwAARLJruTI29tPQnu7RmceV+9g47Zq92igZsHaGdtlKBhxbP0cZ3V4ySwqsVtaA5Xpx/XFjuxfmqPvS92zbWcFD+H2G9oGyHlquR819FnY8oOeibKckrVsk/dTWzhE5H0jdM1Q4u59RGuE3aWrnW7uNRvxmtbIGyCgFMOWHGjpgubZagU3pVq3dOFr9urvb2Eb97+6n57b5w5otb2/Vo31uNftrqkbstcowvKRHF42Luhajr/2Odpp2Zdn2+55yJ25VRp7Vhg+UNdR2LZZ2VsZQ41o427NaWXut9ji3KZwt3zae2hpVX0fBfX7d5uiJEP0W9NjWPhaNVq75XdLe5dEfz9GfkrRcuzqu9pXRWPfEnOD3764spTzR2Tym0e6UHOd+1mqG2cf99NxDfbW1j3VM6bllZugWsT2RRbr3wt1foZ/z4NY9sUlJa8115TrnRZukX9jO4wX/Ofr7Ksh2Ifvc658nW/WcHvatO2TRuOjrNPvabt5bqW+rn9WfcvZJyD6IdE9sXC6NeY/yIwAAoMYgWAUAwG3jHKXYX1710HI9ujTIP+TNAPGng83ANT5NP524VWt3GAFCu8HP61D6rebKxTq00bm5LxiKT9PiggylRrHPkHa9refkDzPbDX5Yj0bZTkkaMnu0cXy1UVI3rx3mDEyP7dikdRPvNvfn1K7nXRqy6G0jhHQEsEbIOuTufmZwdasenN1P697eGl3N0RDHk8zp4L5A7LgO7bV95+o3Y+p4hlID2tNGI37znhYPbhOir23BcgSX19chbJyj18zjp6ab7fRw7IJty2192EYjxowOfaxw/SlJst1r7TtrSIjdFGxbbmuPlJo2w39vuPbTrkNnydbnnTr289CeSKK498LcX5Ge8wATHzb/LDH72X7Ovu+c5xj0+oToK0efe/7zpJ+y0sxzib9BAT8bifK8krrZ+yxRSQOi64No7onAH9gAAADEDjVWAQBwi3bU4NEDWqflWpfqGt03sVhSG2Pq6kPWd/00xBcuGCM+9di9Skmd4zxmpH2GcOzIAWnAXerkW2KEGYcitjMx0llGpV3PuzTkibdVkH6rdHirHu3zfPAV4/tp6IA52rorQ6k6oHUT79ZiyRdIdR9zBWq2luZp/NA5Wie5rkOwfrOEbk/obWKke4YOLZWSHurrG6X86NL3lBF1AGWEkUPujvJeCNOf0TOOuW7RvUp6wr68n4aWKnRIfkXac5n3XsjnPLghHW393L6zhuhAhAN4vD52lfzz5EoL3gdVeE8AAABUE4JVAAAqq31nDdFo/dQabepwXLnLlmvI7NXm6EGjLula3/fGCMgRklkDcZyeWN9Pi3uG22do7Tp0ljYe0EHJDITNkXNjIrezSvgC07ulRaPVLz3Uisbo1pRtH6ifluvRPhnmciMIXnvkuNS9agOfgrw5WjfxJd+owoKcvmYIF6zfLKHbE3qbGDJH2sqc1p7yUJb6FWRE3MxgjDBcdzi6sC1cf0bPOOaQu1cHH117NPo9XX57Lufei/ScB3L089EDWifpp2GP4e36OIR99msIXx9U3T0BAABQXSgFAABAZcX301BHPUXjZS2O2oyHi43f7FquDN8UYfsLjeQLdrp3aBPVPoPqfrezjuGut/01Viu7T0/McgAPjdNzAzqHHc1plAMYpxGL+impvXN7//TrD/TaE/7p2Z069rNNfTambnuy9xNjv6V5enGRbbnZb/76sNZLodztsb2sx7XNsfWv+EsDxN+g7rJNtbZfh8vRvrOG2I+5Y5MvPLS/yEtW8BvhGril9hnt6N/cZWFqrCpMf3o85ronlvumeRsvLYq+Vm3VtSf8vReN4M95CO5+DlfGwhT0+kSxXdU9+2a4a+ujrZW87pJs1915LlV6TwAAAFQDRqwCAFBpbTTiNy/pUKpt6urEl3TIHG01YsxoZTw0TkmLjOW5E5drxOFiSbcqY+0MjR/aV0mybdc98j5Ds/ZpbjdgtB51lB4Itc/wAYsxxX+OUlIPKHdt58jraqsUKZCK76ehA6R1ukv9bXVr2w1+XrmH+/rLI9jOu93gh/XoE+M0InW5UQdy9mjp7QhdYkpNm6EhQ+cY+x0wQ7mz+2nd25/omG5VuyDX4tGl7xn1H93tGTBDhb8xRkU6t+mnrLXWiECjPudzT5h9PXGGsqySDBE4+to9wjA+TT+dOEcjzOn+Q2bP0KPaFLzfzPa0k3Qwui6Sumcod2JfZ/+GCAjD96cH3TNUOHuqUlL7OtrtdWRlVbQn3L0XXpswz3mIOrcTpRdTzVG1A2ao0FefNQx3X0W7XaX/PAnk6GeNVtbsftJhz7uRJA2Z3VlbU/saI/bt5+Lhnji2fqpSDj9sq28LAABQ/eJKj31eEetGAAAgSRUVFaqoqNDFixd15swZ3dity2Xtb/8drdXlL7urrH2I5ANlpb6ipLWR39hdkNNXL3YMMeUXsbcrS0nLOkdXaxhRMssEhJrqDtRQ+++7SV3eOXFZ+9izd7+aN2+uhg0bKi4uTnFxcVXWPgAAKqvJ1VdJkoqKijxvm5ycLFEKAAAAVJldb+u5Ac5RqMF9oK2L+mloT8KlmuLY+qlGmQPJPz272w2EqgAAAEAYlAIAAACXrSCnr0Ys8k9BD8l8g/qQ2auVETGARXVpN/hhPZpqTmeXl6nmAAAAQP1FKQAAQKksTFcAACAASURBVI1BKQAAAGoWSgEAAOoqSgEAAAAAAAAAQAwQrAIAAAAAAACARwSrAAAAAAAAAOARwSoAAAAAAAAAeESwCgAAAAAAAAAeEawCAAAAAAAAgEcEqwAAAAAAAADgEcEqAAAAAAAAAHhEsAoAAAAAAAAAHhGsAgAAAAAAAIBHBKsAAAAAAAAA4BHBKgAAAAAAAAB41DDWDQAA4Eraf99NsW4CAAAAAKAOIlgFANRZXd45EesmAAAAAADqKEoBAAAAAAAAAIBHBKsAAAAAAAAA4BHBKgAAAAAAAAB4RLAKAAAAAAAAAB4RrAIAAAAAAACARwSrAAAAAAAAAOARwSoAAAAAAAAAeESwCgAAAAAAAAAeEawCAAAAAAAAgEcEqwAAAAAAAADgEcEqAAAAAAAAAHhEsAoAAAAAAAAAHhGsAgAAAAAAAIBHBKsAAAAAAAAA4BHBKgAAAAAAAAB4RLAKAAAAAAAAAB4RrAIAAAAAAACARwSrAAAAAAAAAOARwSoAAAAAAAAAeESwiv/f3t3HyFXf9+J/j734AYekCXX8QJZtHPhBfvdXCt420DQhjq7aAi5ihYhV8k9lZIhLsCXkilr4tnUfQK51LSTboQ72xeo/pXIQWsS1ITeq4pA0NeldQ53bGyjE1Dj4IQ6khRjzsDC/P2Zmd2Z21jtn/TBr+/WSrLAzZ875nO85M5N97/d8DsC54eC23NEzL92j/Lvj8SN1C+/OhhGPnWMObssdd27LOTwCnfPs/enuuS39Bys/Hnn8tnT33J+BU7KxyrnevX73cZeq1DBcEyemvWN6JP131h+bs+hzqfp5vOHZDmz3XPpca/osAQBOPsEqAOeU69c/k/379jb+61+SJ5dfPWa4dC4Z+MbKPNnpIs5VV92b/fseTt+cThdCZ81M34N7s3/5/E4XctbwuQYAnGyCVQC46t70r0iy7qlTNCsQAACAs41gFQCSXNyzIMlL2T/qJZPVy3Lr2ge0uoy1colv/XIjL8McWN/UiqDVpanP3j/2Mi1VL+0edfvDlxM31lG7LLmyn33rkmxfmflN+zli/5pm+R55/LZ037kt/etH3//hMRh5KfTA+uZ9bX9/RtQxtGxln+54fNvwuo47nmMd69o2dzcuV11n63E9zhg279M4L98dcV61utS8qSXGHY+/1Ma67s8/ttqHUY7zWOdIq/EdsUzz+d/ueIz1vnn2/nT33J/+uhpbXo4+dKl60/m3fvfI+k/g/bu/aawaa2luBdBKe59Ljcb6DDjOtqv7VdvGUEuDpv3d8Gyrc63FCLzS1KKl5b629xmw4fG6dY1yzo33c62lFu1lRo79yfneOO7navO51qr2Q+2MMwAwHoJVAEjyyr6dSS5Jd8vLr3dnQ8/VWZY12V3XPmBt38hfzucvvyT9dW0G+lfszLJrhgOLgfXz0rduSd0yz2RDVmZ+3S+6Rx6/Ld19W3JPf9MyY4WrB7fljp5bsnbFo0Pb370+WXbNyFDqyeVX5/ufr63/0dyTLem7c1uOVC8/7l+RZGFlf5ddNVz7/OXJhl11r1t3y8hf0revzLLUamh9SXvv55ck2ZLvNwWW31+XXP+7X8zM4+7P+HozPrl8ZVIb0wcXVbYxQnvHurK+W7L/9uoyu9bk+mpg8/WeZ4aP28LauFa0c46Mx8D6eel7vq7mFtvOs/en+5qVyfrh+m745sqsbVhTLYCqO0f7k2XLd47caIvjPPY5ciT9dzaNb3WZoeDt2fubzv/acT/+GI36vhkRMG/Jsm9eN7T92vndytq+jeneNXweZN0t6e65evi473s092xv8/3bqo76c2GU82x07Z+rrYz+GVDUlvRtvmSohv4Vydq+eem+5qV8pandSnNda5evzK/2j3auFPtMW7v8qdxQO1Yj2ieM43PteGNxcFvuaHgv1ca+vq6T972RtH6/jTzXWn0m78yyvrpjsWtNrq9/vwEAJ0SwCgDP3p++dcn1629Pb4unjzy+MWuzIBv+pC6Mq7YPWNtX++V3d/5++c4R6+j90ppcPxQgHsn+55OsuK5umeY+ipX1ZMWjdYHPzPT9SSW4W3WcX4Yr/QOXpL8uVJh5019nw8KdWfaXTSFBw/rn5/fXL0i2v5RXRlv5wW35+rrk+vV/XReUzs+yatjUGJgsyIYvjdEX8qrrck+Std+tCwCefSprsyA3fGbm8P4sXJPdI/YnWbt5HAHQwjX5/eOEaGn7WFfVj+GcL+aGhZVt3HdT7ZUz81u/Wz+u7Zwj41A9NvfcXh8Wz0zf7UuS7U/lH2uzdjdvGVFf34OP5p76dT27Ocu2J/f03ztc41X3Zvf6BS023HSc2zpH9mf/9rrwvLbMvr15qFrXkVdeSrIkn607VjNvejj7993b8v1ZURvbZ0a+b7IlX2963zSO1ega9qV6zja/dz67IsnzL1XPxyJ1LMiGXY3j3L+i/XO70LnaStHPgFE11lD5o0nzOVQZux++0rhnjeNUO1c2DoWTxT7T7irel7j23ul/eOQ5u31l/n609+Shl/Jk3WdVZR8beyOfvO+NmubP1VbnWm0MG9vaNByL6mfVk/v2FxsrAKAlwSoA55Qnl1/ddMnlvKEZPw/d1CpqOZJ//ObOZOF1+a2mX9orAUKtfUBjODR0ie019TdLqQZt624Z/dLmZ5/K2iT3fL4pmBzzl+HKbM/G0DYtwr2K63u6jz9QzaPwg6dGBgkZLTAZbeZvvWqQUxcADHx3S904V0Poyy9pCsBa709bRqyrWbvHuqLoGLZ3jozDnEV5aGgGXt2lx31b6hZqFWgmSXe6Fw7/1CrUTJKZF1/SYsONx7m9c6QSRFbeh63Dv5mfuS7XZ0v6Rrt8vJWDL+WHSX714qZtt3zfLEj37PZWO2J9J7WOke+T3s/Xh+HHU+xcbaX4+Tuadt7vrY0Yp6uuyz3ZmR0/OHLKP9OS4YB0xPkwShDcXOeya0a7rP5kfm/UNI3zaOfaVfc2/RFilPN96I8BAMCJ6Op0AQBwOl2//plRAtQxbF+Z+T0rWzwxPJOvcknnzqHHN+x6OH2pXjJaNfOmh7P/M5XHll0zL8vql637pXlt37ymS7SrLh+jznW3pHtdqydaBWPNKr/s944akuysq7nR9W2svVklQFuZ7z97b3qvqrYBWF8L/ipB4Jj7eyq0cazHq51zZDwqLSZqPy1J/7570/vs/enuq/ZQrYYwI81Md90Y11pijDD7klyf1v1YG419jvQu35v9n69c7t/XUwt/qzWnFhR/sdIyYPnV6V5eff3x3ruHXsqTSX61jQpPqSJ1LLwkF5/o9k76uTrWZ8DJ1GbAfUKfacdX+UPCeFQC0c+un5e++vpWPNrYhuAkfW+0NFHOeQA4xwlWAaAdzb8wNzu4Lauql2U2hD+tZo3NWZSH9i2q/rA7G3puybJrbkt2PZy+pGXQ2q5xB8dtqQu/TobqLL5l392dZam0AdgwNNuxcSblaTXWsR6vIudIEdVWFvf0H6df6JxL8qtJi3C1NjO48lPlJm4tVEOcG8Ysps1zpDqrLhnuV9nXk7rXVlpk9FUXH1g/L33Lr84dGeX8nn3JuML9k65IHdUZlyf0bj1V5+ppsTP7DyUZ43PuVH6mVWZijzdcrf6RoBr8VwLSW9KdR7N/eXX27Mn83gAAJiStAADguGqX7z81yt3dq5cz12YPNV2WWbk8+niqPfFqIUPDpbD1hu/kPdp6PrsiefKb3x5xeefA+tHvSt6u2uXZI/qADt09fVxrHRrbDd/d0tQjsTqTcsS41y6xPf5sv8rMy/HXc9xjPV7jPkeOrzLrbuTsv4Hv1rcCqATVI8+P6szgqkrQNPI4tzOzb9znyJxFuW/9guNevt67vNILdtRWGNXguKFnb5Ic/HZ2bD+Zl72PoVAdI/e3sR3G8Zzic3UU45/h2dqIS+0b+iyf2s+0pBaEt/i8rbZkKdIKotb/uXKJ/an+3jhOu4IT+kwGAIoSrALAGGbedNfIO2YPzTSq3nSkOlOtIVCpLjOs2v+yKRCoBGC1vpaV3qPNd9AeWH9L1mZJvnKcmVu9X6remb6+519tNmObN+upubinqYfhnEX5yoo03fX6SPr/snKDqbFuCjWa2tiuXTeyr2ztBi59DXdc/+PKzZWG9qfWs3PzcIBR3ecTqee4x3q82jpHxlHzxZckzeHQiDFofQO0ynlVp9XNj9qtsa1zpPIHgsa+lI39KCvBU1MP4tF6Dw+p9eytv5FaddtjvG9OriJ1NN6A6cjjtxV6r57Sc3UoGBy+kdTJOFebPbn8jxvWf0df4x9YTuZnWo7zudZQR3ZnQ9+W49/s7tn7090cXtbC82of45P3vTGaVt8VJ/6ZDAAUoxUAAIxpfpbteybdd17d0C+v4dLrOYvy0K7kjmvq+wEuSf++R/OrPbdk7Xd3Z9lV89P34DNJ03qaL5+eedPD2X/x/emu77O6cE127xsjSJizKA/tuyQbeuprWJANu/YWbitQ63/a17Nl6DLV3uV7s7vntsyv76F5wpciV++qvm7kDZNa78+S9O97uPEO2sufyYbnrx7u17lwTXb3L8n8vvHMrmvjWI9Xm+dIYVfdm/39SXffcD/SLFyT3bvWZNU1K7PjB0fSd9PMuu3XLbdiTTYsXNnQE7V3+d70Z15d/9MF2bB+SZ5cPvZ4jn2OzM+yfY8mPU19Mxeuye4Hq+f3TQ9nd5rW0cYxaPm+WfFo9j94ei+Vb7+OJdnwu0/VnWdF36un8Fyt7kf/vnnpGzoOS9K/a01ygv2A692z/rrsqDvO169/Jvvrw+eT+JmWAp9rI+poNvSea+yF3XhJ/8n73hh1f0Y7187Y9hAAcOYpHT7yernTRQBAkpTL5ZTL5QwODubo0aO57NJ5nS6JU+5I5SZFlwsDAM5WL7y4NzNmzEhXV1dKpVJKpVKnSwKATJsyOUny3HPPFX7tlVdemWgFAAB01MFvZ8f2BdnwJaEqAABwZtEKAAA4/ap3gn+yemnseC7rBQAA6CTBKgBw+s1ZlIf2Lep0FQAAAOOmFQAAAAAAQEGCVQAAAACAggSrAAAAAAAFCVYBAAAAAAoSrAJw7nj2/nT3zKv8u3NbjnS6Hk7cs/ene/3uTlcBAACcg7o6XQAAnB5H0r95S7Li0exfPr/TxXBSVI/p5dd1uhAAAOAcZMYqAOeI/dm/Pbm+p7vThQAAAHAWEKwCcPZ79v5099yStUmeXH51unvmZcOztSd3Z0OtPUDPvHT33Jb+g/Uvrjy/4fFtuaO2TItLz488fluL19Yevz8Dw4+k/8767dXXUvd88zaqbQyGln32/nT33J/+x28bZT2NBtY3brOxptHGYuQyR+q2190zL3c83txQob3xbH5d8/gNjdvBunFveN3ubOi5Osu2J1l3S8uxBwAAOJUEqwCc/a66N/v3PZp7kly//pns37c3y65KcnBb7ui5JWtXPJr9+/Zm/7692b0+WXbNyJBy7fKncsOuyjKtWgnM/Mx1uT47s+MH9YHhkfzjN3cmK65LbzIcBmZNdle3t79/Sdb2tQoo27Ely7553dC6ll3VeqmB9fPS93zdNvc9kw0Lt6Svvs9si7HoX7ElfXXh6sD6eZm/PNlQG4dda5LlVw/XXmA8292/vr9M7hta14I8ufzq6rrmZ9m+Z7JhYSrtHfY9nL4549kGAADA+AhWAThnDXxjZZ5cuCa764LSmTf9dTYsTNZubrq51Yq7jh/czflibliYPPnNb9eFld/Oju3JPZ+vrP/I4xuzNkvS/+CizKwtc9W96V+RPLl8c4sZpGO75/a6dbVycFu+vq55uZnpu31Jsv2p/GN1lmersehd/mjuyZZ8/9m69fTXBZhzFuW+9QuG9rnQeLZlQTb8yXDdM2+6K/ck+eErbjsGAAB0nmAVgHPUkex/PsnllzQFkzPzW7+7INn+Ul6pe3Ts3qwjw8ojP3gqT2ZJPludSfrKvp3JwktycdMrez+/JMlL2V/4UvYF6Z49xiJzFuWhodmsdW0I+rbULTTaWMzPstprD72UJ1tsb+ZND2f/g4sys+B4tueSdJuFCgAATFCCVQDOUZWbWZ1UV12Xe4baATS3AagGjx0w3F/16izbviT91RYEw8YeiyOvvDTGVk7BeI7iyX37T8+GAAAAjqOr0wUAQGd0p3vhyV7n/Hx2RbL2m9/Okc+k0gbg9tpl8TPTfXmS0x2uPnt/+tYl9/SP3oP15DgV4wkAADBxmbEKwDmqGnSue6qpt2l1pmmLS/bb0fv5SjuAv//GU3ly4Zr8fl2YeXHPgoZWATUD390y5mXvY88YPd7rRl7CX9lmTSUQzvMvNfVBrbYOWL976OZc+w81beDZ+9Pdc1v6D57YeL6yb+e49g8AAKBTBKsAnLN6v7Qm12dL+tbvHnrsyON/nGXb27gp1Giuuj0bFu7M2nU7c/3vfrFhHZWbL+3Msr+su5FTdUbp9etvr7YMqPYkXbcx/bUA9uC2rFo+vuBx5sWXJEPtCRq3Wa/3S2ty/faVmT9iLBZkw5fmJ3MW5SsrkrV9tw3Xld3Z0Ldl6MZe7Y1nJcRtuFlXi3ra3LvqLODmQBgAAODU0woAgHPXnEV5aN8l2dBzS7qHgr0l6d/3cDXkHI/azZqSGz7THM3Oz7J9z6T7zqszv2dl9bEF2bBrb/rqZqvOvOnh9O+bl75r5mVZraZda5JrVqawq+7N/v6ku+/qdC+vPrZwTXbvWpNV16zMjh8cSd9NM48zFvcOjUXv8r3Z3XNb5g/VlVy//pnsv6m6n22OZ+/yZ7Lh+avT17NluJ7+JZnfV3xWbu/nlyTrVmZ+z8pqu4Pd2dBzS9aueDT7l89vYw0AAADjUzp85PVyp4sAgCQpl8spl8sZHBzM0aNHc9ml8zpd0rgMrJ+XvufXZPeD45z1CgBnkRde3JsZM2akq6srpVIppVKp0yUBQKZNmZwkee655wq/9sorr0zMWAWAk213vr8uuadfqAoAAHA202MVAE6K3dnQMy/dPbfkh+ufybKr2ngJAAAAZywzVgHgpJifZfv2DvUeBQAA4OxmxioAAAAAQEGCVQAAAACAggSrAAAAAAAFCVYBAAAAAAoSrAIAAAAAFCRYBQAAAAAoSLAKAAAAAFCQYBUAAAAAoCDBKgAAAABAQYJVAAAAAICCBKsAAAAAAAUJVgEAAAAAChKsAgAAAAAUJFgFAAAAAChIsAoAAAAAUJBgFQAAAACgIMEqAAAAAEBBglUAAAAAgIIEqwAAAAAABXV1ugAAON0O//S1vP4f/5ljb7+Tcrnc6XIAoGNKpVKmT5uaj/3SRzLr4xd2uhwAOKMIVgE4Z7zz7rvZ++8/ybRpU9N90ezMOH96SqVSp8sCgI4pl8s5+taxHHnt5/nRv+3NvF/5RKZOmdLpsgDgjKAVAADnjL3//pN87KMfyScvvigfmnG+UBWAc16pVMqHZpyfT158UT720Y9k77//pNMlAcAZQ7AKwDnh8E9fy7RpUzNrpsscAaCVWTMvzLRpU3P4p691uhQAOCMIVgE4J7z+H/+ZmRd+tNNlAMCENvPCj+b1//jPTpcBAGcEwSoA54Rjb7+TGedP73QZADChzTh/eo69/U6nywCAM4JgFYBzQrlc1lMVAMZQKpVSLpc7XQYAnBEEqwAAAAAABQlWAQAAAAAKEqwCAAAAABQkWAUAAAAAKEiwCgAAAABQkGAVAAAAAKAgwSoAAAAAQEGCVQAAAACAggSrAAAAAAAFCVYBAAAAAAoSrAIAAAAAFCRYBQAAAAAoqKvTBQDAGePQt7Jq9Y4cGHWBK3LXpsXpPZU1PLc1izelup3DeWL1muz6jZW5b+Gsk7iRynofu2hxtt5+xQksw2gGNt+dja/ekPtW/3bmtlyi+djuycalW5OlD+SuK097uSeu+t6Zc6bWDwAALQhWAaCg3k6GQ1cuztZNHdo2p9Gs3Lj6gdzY6TIAAIBRaQUAAAAAAFCQGasAcAoMbL47G7M4d2VrNg7UHq20Csjmu4cf6226lL5Fu4GGGbINrQAK1DJQ98Ds5kvQq5f1H6pt8IbcPGItYy2zJxuX7kjPjbPy2BN7kszKzatX5sbZyYHta7LqicOt96flPje1VBjr+VaaX9O0zwe2r8mqA725+dUdlX1qPg5D+7Q1Wbo42bQ1Q0PYuzhbb082Lh1+bMx9GjHmFQOb786qgVbLtNHmoXkbLfehTu3cWZps3LRn6OExz6+my/jHfW4nyavfyqpNwzWPnP29p2FcR4zbc1uzuP8TufmiHXlsYPRxBQCA00GwCgCnysDWPHbjymy9fdZQOLVx6d2Z2/DY1qyaWw3P6gKs+6ph04Hta7Jq05o8UQ0pC5dQ6+W5qRY+VYKrVZtnVUOvamCa4WUGNt+djYeSXFRbSzvLVJZ77IlZuWvTA0OhXCVUTW5e/UCl/kPfyqrVd2fVjaPv88Dmu7Nx9bcqgdlYz7fa6ee2ZvGmPZVxXjhrqP5Vq9P4moEd2TW0zHHGcNOO3Lz6gdw1FBJvzeKBWY2P1R+jdrd/aEelR+2mK0ZfZjTVcUnTNhavHito3JON/Tfkvk2Lh4/jpq0ZKNobuOi5XXvZEwPD58JzW7N4093ZOBSuVkPVukB2YPPdWbX0J01Bb/24AQBA52gFAAAFDWy6O4uXtvi3eU/Tklfk5lqoNPuKXDO7MsPuq02PHThQmc15YGAgB2bfkJvrZvDN7e3N3BzOvkMZhz35p4Gkt68+aLsiv9mb5NXDlVmDz+3IY4dm5ealw8v03t4UsrWzTK3eG2+oe3xPHnvicObeuHg4FJ792/nqjbNy4IkdlVmJh36SA5mVnrrQuPf2B7K1Fg6O9fwIh/NE/56kd3FdoDcrNy69IXMP7chjz9UvW3d8jqf3hqH6K8cjDfvUeIyKbf+uoRmdoy3T2sATO3Kg/lxq+/VNx/HGGzI3e/JPbWyzUbFzu6bhXLhyce7qTQb6v5UDSQ5s35GBhjGpnWd78tj2+vXMys03ClUBAOg8M1YBoKC2b141+xOZM/TDrMy9qPq/oyw+d+HKbF1Y+e/my+fnjPKa47sid216oPrfzZdYV7fz6uFkdm96G2bDVoLM2rLtLDNU50V1QeVzAxnIrNzc2xhezu3tzdwnBnLgUNJ7ZW96szWPrb47u25scdn7WM+PUAk45/5G03Kzr8g1s3fksX/ek1xZDeUajs/o5s6tW9fsWZXXXDRaHQW239vbGE5Xl9n16uHkuOdXJTCfe+MVjedSw+tHq29W5o5j5vMIBc/t2nLXNJ0Lvb9xRTLwkxzM4Rz458NJ7w1NgX3lDwEbDxxOMhwin5R9AACAEyRYBYCJoqlnZu/SB3LX7Ool3+PU0F+12o/y4Oa7s/HVykMHm2YUVtSCsvaXGd3hPLb67jzW4vUVV+SuTSsrrQaeWJPFT1QeHQ6vx3q+tTmjBp+nx+nY/oG68ah3RvcbHdiaxc1pfZJifQoAAOD0EKwCwARRu7y7sQ/nCazw0Lfy2MDIEPJg3SJz5s5KXm1+4eEceHW4f2o7y4xu+CZWx1vmxtUP5Mbqep9YvSaPNfSVHev5kQ6OMmuzYfbpKTS+7Rdr+TC3rRm8E9uBV+tnorZxAy4AAJhA9FgFgAmhElTO/Y3Gy7sPDAwM3/W9qEM/yYFckd9suuv6P9XNCJx70azk0EAGGgK9xoCvnWVamv2J1v1hn9uaxfVtCRrMyo2rF6d31PWP/XxPi96eObQnuw6djpmkBbZf63M7tMzhHGxrtuso28iebFx6dzYW7pfa7HAO1I/toZ+M/xxsWm/zMTt44HC1rUB1BnTzmORwnlh9d1ZtbzVrGgAAOkuwCgATQiVYGrqpUyozTr9W7bN68NVxBEuzP5G5TTf+Gdi8deimUQeT5MobcvPsw3ls07eGAq2hZWraWabl9is3qhrYtCZPDAVqe7Jx057hm1w9tzWLl9Y/P3wTo9+8so3nR5iVG/uuSAa21oVxh/PEph0jbgx2ahTY/qEdWTV0w7MiNVZvVNWwjeoxOdF9rIbhuwZq660cr5Ol4Vx4bms21t1crff2xeltGJPkwPateexQmzcZAwCA00wrAAAoaGDT3Vk8ynNt39iq1WtvX5mbX12TjUvvrj4yKzevXpx9q7dm4EDTJdPtmP3buW/pT7J4U10vzt7Fue/GHVn1RGVWYu/sWblx9cpk9ZqsWlrt5dp7Q26evaOuL2o7y7Q2d+HK3Jc1WVXXZ7XhEvYrF2fr0q1Z3NCHtbLfve0838qVi7N19beyanXjfp+2S8zb3X7v4tyVrVm8dBw1zv7t3Lc6jdtobiMxHiPOmcpYZ/XWE1lr1azcvLQ3u4aO5azcvPqBunYOV+SuTYuzcWl9n9XKY1qsAgAwEZUOH3m93OkiACBJyuVyyuVyBgcHc/To0Vx26byTtu6Bf/m/6f21//ekrQ8AzlYn+zvzhRf3ZsaMGenq6kqpVEqpVDpp6waA8Zo2ZXKS5LnnivfSuvLKymwarQAAAAAAAAoSrAIAAAAAFCRYBQAAAAAoSLAKAAAAAFCQYBUAAAAAoCDBKgAAAABAQYJVAAAAAICCBKsAAAAAAAUJVgEAAAAAChKsAgAAAAAUJFgFAAAAAChIsAoAAAAAUJBgFQAAAACgIMEqAAAAAEBBglUAzgmlUinlcrnTZQDAhFYul1MqlTpdBgCcEQSrAJwTpk+bmqNvHet0GQAwoR1961imT5va6TIA4IwgWAXgnPCxX/pIjrz2806XAQAT2pHXfp6P/dJHOl0GAJwRBKsAnBNmffzCvP32Ozl85LVOlwIAE9LhI6/l7bffyayPX9jpUgDgjNDV6QIA4HSZ9yufyN5//0neOvZ2Zl740cw4f7o+cgCc08rlco6+dSxHXvt53n77ncz7lU90uiQAOGMIVgE4Z0ydnYI0lwAAEMdJREFUMiWf/n/m5fBPX8v+Vw/l2NvvuKEVAOe0UqmU6dOm5mO/9JF88uKLOl0OAJxRBKsAnHNmffxClzkCAABwQvRYBQAAAAAoSLAKAAAAAFCQYBUAAAAAoCDBKgAAAABAQYJVAAAAAICCBKsAAAAAAAUJVgEAAAAAChKsAgAAAAAUJFgFAAAAAChIsAoAAAAAUJBgFQAAAACgIMEqAAAAAEBBglUAAAAAgIIEqwAAAAAABQlWAQAAAAAKEqwCAAAAABQkWAUAAAAAKEiwCgAAAABQUFenCwCA0Rw4cKDTJQAAAEBLglUAJqy5c+d2ugQA4AS98OLeTpcAAKeEVgAAAAAAAAUJVgEAAAAAChKsAgAAAAAUJFgFAAAAAChIsAoAAAAAUJBgFQAAAACgIMEqAAAAAEBBglUAAAAAgIIEqwAAAAAABQlWAQAAAAAKEqwCAAAAABQkWAUAAAAAKEiwCgAAAABQkGAVAAAAAKAgwSoAAAAAQEFdnS4AAADOZL84eixvHXsng4ODKZc7Xc2Zp1RKurq6cv70qfnQjOnjWseDT7+bx/9lMD869H7ee/+kl3jOOG9y8unZk3PTr3XlzmundLocAJjwBKsAADAOg++/n9d//mbee2+w06Wc0crl5L33BvOf7w3mrWPv5GMfvSBdkye39dp9r32QO/7u7ex5VZp6Mrz3frLn1fez59X38/i/DOahL09Lz4UucgSA0fiWBACAcRCqnnzvvTeY13/+ZtvLC1VPnT2vvp87/u7tTpcBABOaYBUAAAr6xdFjQtVT5L33BvOLo8fGXO7Bp98Vqp5ie159Pw8+/W6nywCACUuwCgAABb117J1Ol3BWa2d8H/8XwfbpYJwBYHSCVQAAKGhwUNh0KrUzvj86ZLbq6WCcAWB0glUAACioXO50BWe3dsb3PXnfaWGcAWB0glUAAAAAgIIEqwAAAAAABQlWAQAAAAAKEqwCAAAAABQkWAUAAAAAKKir0wUAAAB1frQtX1n/nYaHFiz/Wm79dMcqGtXzj3w1Dzw9cesbt8+dnxd+b3I+PPTAB/m7lUezoqNFVaxbcUG+PDN58X+/mWsf7XQ1AHBuM2MVAAAmiOcf+eqIUDVJdq7/ar7yyAsdqemcMyJUTZJJ+fKaGVnXsaIAgInIjFUAAJgIfrQtDzydJJ/MrX/1R1lwYeXh2qzQPP1Edv7OZUOPc2os/fSkSqh65L3MWfd2kml5es15uTST8hu3JDFLFACoEqwCAMAE8PxzlZmqC5b/UUN4evmtf5Fb9/9pDt5Y9/hr38lf/7dt2Vv3+nmL/iJ//MXKAj/79n/Pqm0vZ96iv8hNh/60Gtgm+eSi3HfPF/LLGWU9zc/ntexc+6d55OXaz1/I3X+zKJefgv2fcGZOzrokK/J2rl359sjnb5mRg78+fAHgGz9+J5dtfnfU55PGy/eHLun/8fuZ9anKDNna87XnWr2uXv1yI7YPALTlyiuvHPdrtQIAAICOey2H9ifJJzPn483PXZgF99T3MH0hjzSFqkmyd9vW7Hyt+bG6UDVJXt6W//Ht6kItwtm8vC2r1n4nP6vW1BiqJsl38sAfbsvz49/RCW/Tjz7IG0n18v8LcvDPzs/S5oVahKYf/tTUvHD7lMoPnzs/L/z6yF+1Lv31ke0ELv1Ure1AOYcPjQxVK6+7IE/f0vjYrP/yoYblPvypqSOWAQBOLTNWAQCg436Wgy+3sViS5LLc+jdfy61DP9cC0Jdz8KdJGloFDM8wrbUU2HvoZ0kuzPP/qxqqXrs8X7/1srr1/HP+z2tfyIKf/kMlVK2bxVqZCfudPP7t/5rLv3iW9iT43lu5bHZdcDp9cv5szQX5s6HWAFPyjf9SeW54Jmm1XcCnzsu6vJsV33srl32vfqW1dgKlXPy5JPXPHXs/f/7nb2VTqoHszCQp53v/8xf50veGQ9xLe6YlGZ45++F8kD9fWXldLYyd9dEpScxaBYDTRbAKAABnpFYzSptc+2tDl+1ffuUXkqe/M/Ta2gzZW3/nsupjlZmxC6o//WzPK5X/eHlbVv3htobV1sLZs9ajRzOn+ZL8meflhds/yGWbJ2XW9MpDl/76BTn46/UvbA5Oa4Hq6N44MFgJVZNkdqna33WwEqrW1XK81734RjmZWRr37gIA46MVAAAAdNxlueraJHk5z+xpup4/r2Xn2q/mkR/Vfn4hj/zhV/OVP/yHzL7na/n63/xFbv1k67XOm/3LrZ+gLSvWvZk5K9/M3x2p/PzhD7f569Pnzs8Lay7IwT+blL9b+WbmrHwvL46y6OGfj2+G6XhfBwCcPGasAgDABFCbUbp329bsvGL4RlU/+/bWyqzU9f89c/7qj/L/7XkiO1M/G7VIG4GaCzO7O8nLL+eR//VCFjS0AkgWLP9abp19cZKXW9zQ6mw2Jd/4s6n53PTGG0Y1zgj9IIePJZdOP95NpSp9U4dmlX5uUma1s/lD5byR5MMzu/KNz6WhFUCtZQAAMHEIVgEAYCL49KLcfe138sDTL+eR//bVPNL8/LU3VsLWWuD59Pp85enWq2rH5b+zKPOe3pa9I9bzhVz16ST5r7n1k9/JIy1aASxYXn8zrbPJu/mHA1PyuU+VWlzmn7y4r9Lj9Ev/el6l72nzMtXwsxbEfvhTU3NwzdT2N/+9t/I/r74gX55Zyud+74Ic/L3hp2ohbfPNrwCAztEKAAAAJojLb/1avr78CyMeX7D8a9UbTNUC2Lonr10+9Jqdz73Q/sYu/EL++K8WZV7Dg8M3u6r0XB3ZZuDsDVUrNm3+Reb87w9GPN4wO/XRoyOXqbsJ1abN7+Z7x4afeuPH7+TPf1xOUsoVn55y3O2vWDfceqD+9Zdtduk/AEw0pcNHXi93uggASJJyuZxyuZzBwcEcPXo0l106r41XAZx+rx78WadLOOtdNOf4zQfmrHzztNVyrju45oITev0LL+7NjBkz0tXVlVKplFLJjbYA6LxpUyaf8DrMWAUAAAAAKEiwCgAAAABQkGAVAAAAAKAgwSoAAAAAQEGCVQAAAACAggSrAAAAAAAFCVYBAKCgUqnTFZzd2hnf8yafjkowzgAwOsEqAAAU1NXV1ekSzmrtjO+nZ0v8TgfjDACjE6wCAEBB50+f2ukSzmrtjO9NvybcPh2MMwCMTrAKAAAFfWjG9Jx3nsDpVDjvvK58aMb0MZe789opueIisylPpSsumpw7r53S6TIAYMISrAIAwDh87KMXCFdPsvPO68rHPnpB28s/9OVpwtVT5IqLJuehL0/rdBkAMKH5f4IAADAOXZMn5+O//Ev5xdFjeevYOxkcHEy53OmqzjylUqWn6vnTp7Y1U7Vez4WT8s1l5+fBp9/N4/8ymB8dej/vvX/KSj3rnTe50lP1pl/rMlMVANpQOnzkdf/3D4AJoVwup1wuZ3BwMEePHs1ll87rdEkAwAl64cW9mTFjRrq6ulIqlVIqlTpdEgBk2pQTv+pFKwAAAAAAgIIEqwAAAAAABQlWAQAAAAAKEqwCAAAAABQkWAUAAAAAKEiwCgAAAABQkGAVAAAAAKAgwSoAE1Kp1OkKAICTwXc6AGcrwSoAE1IppZTL5U6XAQCcgHK5nFIkqwCcnQSrAExMpVLeeefdTlcBAJyAd95515RVAM5aglUAJpxSqZTJkyflZ6+91ulSAIAT8LPXXsvkyZNSEq4CcBYSrAIw4ZRKpUyaNDlvvnk0x4693elyAIBxOHbs7bz55tFMmjRZsArAWUmwCsCEUSqVhv5Nnjw55005L//20o8zODjY6dIAgAIGBwfzby/9OOdNOS+TJ09u+I4HgLOFYBWACWcoWD3vvEybNj0//Nfnc+zYsU6XBQC04dixY/nhvz6fadOm57zzhoNVADjbdHW6AACoV/vFqxKudmXq1ModhV948cf5yIcvyKxZH8/0adP8ggYAE0i5XM6xt9/O4cM/zX++8WamT5+eqVOnZvLkLrNVAThrlQ4feb3c6SIAoF65XB76Nzg4mPfffz/vvvtu3n33nbz37nsZfP/9fPDBB0nKSdnXGAB0TKmUpJRJkyalq9rGZ8qUqZkyZUomT56cri7BKgAT07Qpk094HWasAjDh1P/i1dXVlUmTJmXSpFK6uibn/akf5P3BwZRTzgcf1IeqAlYAOH2Gv6snTSqllFImd3Vl8uRJ6erqyuTJle9voSoAZzPBKgATUv0vYJVfzM7LpEmT88EHH6Q8ZUrKQzNVyyatAkAHVL6qh1v4lEql6h9DGwNVoSoAZyvBKgATVn2/1XK5PPQLW6rtAgCAiaH+O7s+TBWqAnA2E6wCMKHVh6q1/wYAJqb6IFWoCsDZTrAKwITnFzMAODP4zgbgXCJYBeCM4hc2AAAAJoJJnS4AAAAAAOBMI1gFAAAAAChIsAoAAAAAUJBgFQAAAACgIMEqAAAAAEBBglUAAAAAgIIEqwAAAAAABQlWAQAAAAAKEqwCAAAAABQkWAUAAAAAKEiwCgAAAABQkGAVAAAAAKAgwSoAAAAAQEGCVQAAAACAggSrAAAAAAAFCVYBAAAAAAoSrAIAAAAAFCRYBQAAAAAoSLAKAAAAAFCQYBUAAAAAoCDBKgAAAABAQYJVAAAAAICCBKsAAAAAAAUJVgEAAAAAChKsAgAAAAAUJFgFAAAAAChIsAoAAAAAUJBgFQAAAACgIMEqAAAAAEBBglUAAAAAgIIEqwAAAAAABQlWAQAAAAAKEqwCAAAAABQkWAUAAAAAKEiwCgAAAABQkGAVAAAAAKAgwSoAAAAAQEGCVQAAAACAggSrAAAAAAAFCVYBAAAAAAoSrAIAAAAAFCRYBQAAAAAoSLAKAAAAAFCQYBUAAAAAoCDBKgAAAABAQYJVAAAAAICCBKsAAAAAAAUJVgEAAAAAChKsAgAAAAAUJFgFAAAAAChIsAoAAAAAUJBgFQAAAACgIMEqAAAAAEBBglUAAAAAgIIEqwAAAAAABQlWAQAAAAAKEqwCAAAAABQkWAUAAAAAKEiwCgAAAABQkGAVAAAAAKAgwSoAAAAAQEGCVQAAAACAggSrAAAAAAAFCVYBAAAAAAoSrAIAAAAAFCRYBQAAAAAoSLAKAAAAAFCQYBUAAAAAoCDBKgAAAABAQYJVAAAAAICCBKsAAAAAAAUJVgEAAAAAChKsAgAAAAAUVCqXy+VOFwEAAAAAcLq88cYbJ7wOM1YBAAAAAAoSrAIAAAAAFCRYBQAAAAAoSLAKAAAAAFCQYBUAAAAAoCDBKgAAAABAQYJVAAAAAICCBKsAAAAAAAUJVgEAAAAAChKsAgAAAAAUJFgFAAAAAChIsAoAAAAAUJBgFQAAAACgIMEqAAAAAEBBglUAAAAAgIIEqwAAAAAABQlWAQAAAAAKEqwCAAAAABQkWAUAAAAAKEiwCgAAAABQkGAVAAAAAKAgwSoAAAAAQEGCVQAAAACAggSrAAAAAAAFCVYBAAAAAAoSrAIAAAAAFCRYBQAAAAAoSLAKAAAAAFCQYBUAAAAAoCDBKgAAAABAQYJVAAAAAICCujpdAAAAAABAp/3BH/zBqM/97d/+7YjHzFgFAAAAAM55rcLT4z0uWAUAAAAAaBGijhaqRrAKAAAAADCsFqYeL1RNklK5XC6fppoAAAAAADrujTfeOOF1mLEKAAAAAFCQYBUAAAAAoCDBKgAAAABAQYJVAAAAAICCBKsAAAAAAAUJVgEAAAAACvr/AXRwpFpm8UC5AAAAAElFTkSuQmCC",
                "mime_type": "image/png"
              }
            ],
            "result": {
              "duration": 488908400,
              "status": "passed"
            },
            "match": {
              "location": "Hooks.afterScenario(Scenario)"
            }
          }
        ],
        "type": "scenario",
        "keyword": "Scenario Outline",
        "steps": [
          {
            "result": {
              "duration": 977317400,
              "status": "passed"
            },
            "line": 9,
            "name": "user enter serach mobile number \"123\"",
            "match": {
              "arguments": [
                {
                  "val": "\"123\"",
                  "offset": 32
                }
              ],
              "location": "ForgottenPasswordSteps.user_enter_serach_mobile_number(String)"
            },
            "keyword": "When "
          },
          {
            "result": {
              "duration": 3224341400,
              "status": "passed"
            },
            "line": 10,
            "name": "user click search button",
            "match": {
              "location": "ForgottenPasswordSteps.user_click_search_button()"
            },
            "keyword": "And "
          },
          {
            "result": {
              "duration": 364462400,
              "status": "passed"
            },
            "line": 11,
            "name": "user sees the search results based on mobile",
            "match": {
              "location": "ForgottenPasswordSteps.user_sees_the_search_results_based_on_mobile()"
            },
            "keyword": "Then "
          }
        ],
        "tags": [
          {
            "name": "@ForgotPassword"
          }
        ]
      },
      {
        "line": 4,
        "name": "",
        "description": "",
        "type": "background",
        "keyword": "Background",
        "steps": [
          {
            "result": {
              "duration": 17422959600,
              "status": "passed"
            },
            "line": 5,
            "name": "user launch the facebook application",
            "match": {
              "location": "LoginSteps.user_launch_the_facebook_application()"
            },
            "keyword": "Given "
          },
          {
            "result": {
              "error_message": "org.openqa.selenium.NoSuchWindowException: no such window: target window already closed\nfrom unknown error: web view not found\n  (Session info: chrome\u003d122.0.6261.95)\nBuild info: version: \u00274.9.0\u0027, revision: \u0027d7057100a6\u0027\nSystem info: os.name: \u0027Windows 10\u0027, os.arch: \u0027amd64\u0027, os.version: \u002710.0\u0027, java.version: \u00271.8.0_201\u0027\nDriver info: org.openqa.selenium.chrome.ChromeDriver\nCommand: [d1a35f1ca7db82a83bef9911a2057909, findElement {using\u003dxpath, value\u003d//a[text()\u003d\u0027Forgotten password?\u0027]}]\nCapabilities {acceptInsecureCerts: false, browserName: chrome, browserVersion: 122.0.6261.95, chrome: {chromedriverVersion: 122.0.6261.94 (880dbf29479c..., userDataDir: C:\\Users\\hp\\AppData\\Local\\T...}, fedcm:accounts: true, goog:chromeOptions: {debuggerAddress: localhost:50049}, networkConnectionEnabled: false, pageLoadStrategy: normal, platformName: WINDOWS, proxy: Proxy(), se:cdp: ws://localhost:50049/devtoo..., se:cdpVersion: 122.0.6261.95, setWindowRect: true, strictFileInteractability: false, timeouts: {implicit: 0, pageLoad: 300000, script: 30000}, unhandledPromptBehavior: dismiss and notify, webauthn:extension:credBlob: true, webauthn:extension:largeBlob: true, webauthn:extension:minPinLength: true, webauthn:extension:prf: true, webauthn:virtualAuthenticators: true}\nSession ID: d1a35f1ca7db82a83bef9911a2057909\r\n\tat sun.reflect.NativeConstructorAccessorImpl.newInstance0(Native Method)\r\n\tat sun.reflect.NativeConstructorAccessorImpl.newInstance(Unknown Source)\r\n\tat sun.reflect.DelegatingConstructorAccessorImpl.newInstance(Unknown Source)\r\n\tat java.lang.reflect.Constructor.newInstance(Unknown Source)\r\n\tat org.openqa.selenium.remote.codec.w3c.W3CHttpResponseCodec.createException(W3CHttpResponseCodec.java:200)\r\n\tat org.openqa.selenium.remote.codec.w3c.W3CHttpResponseCodec.decode(W3CHttpResponseCodec.java:133)\r\n\tat org.openqa.selenium.remote.codec.w3c.W3CHttpResponseCodec.decode(W3CHttpResponseCodec.java:53)\r\n\tat org.openqa.selenium.remote.HttpCommandExecutor.execute(HttpCommandExecutor.java:193)\r\n\tat org.openqa.selenium.remote.service.DriverCommandExecutor.invokeExecute(DriverCommandExecutor.java:183)\r\n\tat org.openqa.selenium.remote.service.DriverCommandExecutor.execute(DriverCommandExecutor.java:158)\r\n\tat org.openqa.selenium.remote.RemoteWebDriver.execute(RemoteWebDriver.java:543)\r\n\tat org.openqa.selenium.remote.ElementLocation$ElementFinder$2.findElement(ElementLocation.java:162)\r\n\tat org.openqa.selenium.remote.ElementLocation.findElement(ElementLocation.java:60)\r\n\tat org.openqa.selenium.remote.RemoteWebDriver.findElement(RemoteWebDriver.java:352)\r\n\tat org.openqa.selenium.remote.RemoteWebDriver.findElement(RemoteWebDriver.java:344)\r\n\tat org.openqa.selenium.support.pagefactory.DefaultElementLocator.findElement(DefaultElementLocator.java:70)\r\n\tat org.openqa.selenium.support.pagefactory.internal.LocatingElementHandler.invoke(LocatingElementHandler.java:39)\r\n\tat com.sun.proxy.$Proxy23.click(Unknown Source)\r\n\tat com.facebook.utilities.BaseClass.clickElement(BaseClass.java:79)\r\n\tat com.facebook.stepdefinition.ForgottenPasswordSteps.user_click_forgotten_password_link(ForgottenPasswordSteps.java:18)\r\n\tat âœ½.user click forgotten password link(file:src/test/resources/FeatureFile/ForgotPassword.feature:6)\r\n",
              "duration": 114782600,
              "status": "failed"
            },
            "line": 6,
            "name": "user click forgotten password link",
            "match": {
              "location": "ForgottenPasswordSteps.user_click_forgotten_password_link()"
            },
            "keyword": "And "
          }
        ]
      },
      {
        "start_timestamp": "2024-03-01T16:35:04.677Z",
        "before": [
          {
            "result": {
              "duration": 9972236100,
              "status": "passed"
            },
            "match": {
              "location": "Hooks.beforeScenario()"
            }
          }
        ],
        "line": 24,
        "name": "To validate searching forgotten accout using mail id",
        "description": "",
        "id": "to-validate-the-forgot-password-functionality;to-validate-searching-forgotten-accout-using-mail-id;;2",
        "after": [
          {
            "result": {
              "error_message": "org.openqa.selenium.NoSuchWindowException: no such window: target window already closed\nfrom unknown error: web view not found\n  (Session info: chrome\u003d122.0.6261.95)\nBuild info: version: \u00274.9.0\u0027, revision: \u0027d7057100a6\u0027\nSystem info: os.name: \u0027Windows 10\u0027, os.arch: \u0027amd64\u0027, os.version: \u002710.0\u0027, java.version: \u00271.8.0_201\u0027\nDriver info: org.openqa.selenium.chrome.ChromeDriver\nCommand: [d1a35f1ca7db82a83bef9911a2057909, screenshot {}]\nCapabilities {acceptInsecureCerts: false, browserName: chrome, browserVersion: 122.0.6261.95, chrome: {chromedriverVersion: 122.0.6261.94 (880dbf29479c..., userDataDir: C:\\Users\\hp\\AppData\\Local\\T...}, fedcm:accounts: true, goog:chromeOptions: {debuggerAddress: localhost:50049}, networkConnectionEnabled: false, pageLoadStrategy: normal, platformName: WINDOWS, proxy: Proxy(), se:cdp: ws://localhost:50049/devtoo..., se:cdpVersion: 122.0.6261.95, setWindowRect: true, strictFileInteractability: false, timeouts: {implicit: 0, pageLoad: 300000, script: 30000}, unhandledPromptBehavior: dismiss and notify, webauthn:extension:credBlob: true, webauthn:extension:largeBlob: true, webauthn:extension:minPinLength: true, webauthn:extension:prf: true, webauthn:virtualAuthenticators: true}\nSession ID: d1a35f1ca7db82a83bef9911a2057909\r\n\tat sun.reflect.NativeConstructorAccessorImpl.newInstance0(Native Method)\r\n\tat sun.reflect.NativeConstructorAccessorImpl.newInstance(Unknown Source)\r\n\tat sun.reflect.DelegatingConstructorAccessorImpl.newInstance(Unknown Source)\r\n\tat java.lang.reflect.Constructor.newInstance(Unknown Source)\r\n\tat org.openqa.selenium.remote.codec.w3c.W3CHttpResponseCodec.createException(W3CHttpResponseCodec.java:200)\r\n\tat org.openqa.selenium.remote.codec.w3c.W3CHttpResponseCodec.decode(W3CHttpResponseCodec.java:133)\r\n\tat org.openqa.selenium.remote.codec.w3c.W3CHttpResponseCodec.decode(W3CHttpResponseCodec.java:53)\r\n\tat org.openqa.selenium.remote.HttpCommandExecutor.execute(HttpCommandExecutor.java:193)\r\n\tat org.openqa.selenium.remote.service.DriverCommandExecutor.invokeExecute(DriverCommandExecutor.java:183)\r\n\tat org.openqa.selenium.remote.service.DriverCommandExecutor.execute(DriverCommandExecutor.java:158)\r\n\tat org.openqa.selenium.remote.RemoteWebDriver.execute(RemoteWebDriver.java:543)\r\n\tat org.openqa.selenium.remote.RemoteWebDriver.execute(RemoteWebDriver.java:598)\r\n\tat org.openqa.selenium.remote.RemoteWebDriver.execute(RemoteWebDriver.java:602)\r\n\tat org.openqa.selenium.remote.RemoteWebDriver.getScreenshotAs(RemoteWebDriver.java:318)\r\n\tat com.facebook.stepdefinition.Hooks.afterScenario(Hooks.java:26)\r\n\tat sun.reflect.NativeMethodAccessorImpl.invoke0(Native Method)\r\n\tat sun.reflect.NativeMethodAccessorImpl.invoke(Unknown Source)\r\n\tat sun.reflect.DelegatingMethodAccessorImpl.invoke(Unknown Source)\r\n\tat java.lang.reflect.Method.invoke(Unknown Source)\r\n\tat cucumber.runtime.Utils$1.call(Utils.java:26)\r\n\tat cucumber.runtime.Timeout.timeout(Timeout.java:16)\r\n\tat cucumber.runtime.Utils.invoke(Utils.java:20)\r\n\tat cucumber.runtime.java.JavaHookDefinition.execute(JavaHookDefinition.java:65)\r\n\tat cucumber.runner.HookDefinitionMatch.runStep(HookDefinitionMatch.java:16)\r\n\tat cucumber.runner.TestStep.executeStep(TestStep.java:65)\r\n\tat cucumber.runner.TestStep.run(TestStep.java:50)\r\n\tat cucumber.runner.TestCase.run(TestCase.java:50)\r\n\tat cucumber.runner.Runner.runPickle(Runner.java:50)\r\n\tat io.cucumber.junit.PickleRunners$NoStepDescriptions.run(PickleRunners.java:146)\r\n\tat io.cucumber.junit.FeatureRunner.runChild(FeatureRunner.java:68)\r\n\tat io.cucumber.junit.FeatureRunner.runChild(FeatureRunner.java:23)\r\n\tat org.junit.runners.ParentRunner$3.run(ParentRunner.java:290)\r\n\tat org.junit.runners.ParentRunner$1.schedule(ParentRunner.java:71)\r\n\tat org.junit.runners.ParentRunner.runChildren(ParentRunner.java:288)\r\n\tat org.junit.runners.ParentRunner.access$000(ParentRunner.java:58)\r\n\tat org.junit.runners.ParentRunner$2.evaluate(ParentRunner.java:268)\r\n\tat org.junit.runners.ParentRunner.run(ParentRunner.java:363)\r\n\tat io.cucumber.junit.Cucumber.runChild(Cucumber.java:144)\r\n\tat io.cucumber.junit.Cucumber.runChild(Cucumber.java:65)\r\n\tat org.junit.runners.ParentRunner$3.run(ParentRunner.java:290)\r\n\tat org.junit.runners.ParentRunner$1.schedule(ParentRunner.java:71)\r\n\tat org.junit.runners.ParentRunner.runChildren(ParentRunner.java:288)\r\n\tat org.junit.runners.ParentRunner.access$000(ParentRunner.java:58)\r\n\tat org.junit.runners.ParentRunner$2.evaluate(ParentRunner.java:268)\r\n\tat io.cucumber.junit.Cucumber$RunCucumber.evaluate(Cucumber.java:174)\r\n\tat org.junit.internal.runners.statements.RunAfters.evaluate(RunAfters.java:27)\r\n\tat org.junit.runners.ParentRunner.run(ParentRunner.java:363)\r\n\tat org.eclipse.jdt.internal.junit4.runner.JUnit4TestReference.run(JUnit4TestReference.java:86)\r\n\tat org.eclipse.jdt.internal.junit.runner.TestExecution.run(TestExecution.java:38)\r\n\tat org.eclipse.jdt.internal.junit.runner.RemoteTestRunner.runTests(RemoteTestRunner.java:538)\r\n\tat org.eclipse.jdt.internal.junit.runner.RemoteTestRunner.runTests(RemoteTestRunner.java:760)\r\n\tat org.eclipse.jdt.internal.junit.runner.RemoteTestRunner.run(RemoteTestRunner.java:460)\r\n\tat org.eclipse.jdt.internal.junit.runner.RemoteTestRunner.main(RemoteTestRunner.java:206)\r\n",
              "duration": 14716300,
              "status": "failed"
            },
            "match": {
              "location": "Hooks.afterScenario(Scenario)"
            }
          }
        ],
        "type": "scenario",
        "keyword": "Scenario Outline",
        "steps": [
          {
            "result": {
              "duration": 4106400,
              "status": "skipped"
            },
            "line": 18,
            "name": "user enter search mail id \"axjb\"",
            "match": {
              "arguments": [
                {
                  "val": "\"axjb\"",
                  "offset": 26
                }
              ],
              "location": "ForgottenPasswordSteps.user_enter_search_mail_id(String)"
            },
            "keyword": "When "
          },
          {
            "result": {
              "duration": 1153200,
              "status": "skipped"
            },
            "line": 19,
            "name": "user click search button",
            "match": {
              "location": "ForgottenPasswordSteps.user_click_search_button()"
            },
            "keyword": "And "
          },
          {
            "result": {
              "duration": 1931600,
              "status": "skipped"
            },
            "line": 20,
            "name": "user sees the search results based on mailid",
            "match": {
              "location": "ForgottenPasswordSteps.user_sees_the_search_results_based_on_mailid()"
            },
            "keyword": "Then "
          }
        ],
        "tags": [
          {
            "name": "@ForgotPassword"
          }
        ]
      }
    ],
    "name": "To validate the forgot password functionality",
    "description": "",
    "id": "to-validate-the-forgot-password-functionality",
    "keyword": "Feature",
    "uri": "file:src/test/resources/FeatureFile/ForgotPassword.feature",
    "tags": [
      {
        "name": "@ForgotPassword",
        "type": "Tag",
        "location": {
          "line": 1,
          "column": 1
        }
      }
    ]
  },
  {
    "line": 2,
    "elements": [
      {
        "line": 4,
        "name": "",
        "description": "",
        "type": "background",
        "keyword": "Background",
        "steps": [
          {
            "result": {
              "duration": 13597285400,
              "status": "passed"
            },
            "line": 5,
            "name": "user launch the facebook application",
            "match": {
              "location": "LoginSteps.user_launch_the_facebook_application()"
            },
            "keyword": "Given "
          }
        ]
      },
      {
        "start_timestamp": "2024-03-01T16:35:32.299Z",
        "before": [
          {
            "result": {
              "duration": 12369305100,
              "status": "passed"
            },
            "match": {
              "location": "Hooks.beforeScenario()"
            }
          }
        ],
        "line": 15,
        "name": "To validate login using different credential sets",
        "description": "",
        "id": "to-validate-the-login-functionlity;to-validate-login-using-different-credential-sets;;2",
        "after": [
          {
            "result": {
              "error_message": "org.openqa.selenium.NoSuchWindowException: no such window: target window already closed\nfrom unknown error: web view not found\n  (Session info: chrome\u003d122.0.6261.95)\nBuild info: version: \u00274.9.0\u0027, revision: \u0027d7057100a6\u0027\nSystem info: os.name: \u0027Windows 10\u0027, os.arch: \u0027amd64\u0027, os.version: \u002710.0\u0027, java.version: \u00271.8.0_201\u0027\nDriver info: org.openqa.selenium.chrome.ChromeDriver\nCommand: [3f30e582f1bf62b94725e5ae43eb1944, screenshot {}]\nCapabilities {acceptInsecureCerts: false, browserName: chrome, browserVersion: 122.0.6261.95, chrome: {chromedriverVersion: 122.0.6261.94 (880dbf29479c..., userDataDir: C:\\Users\\hp\\AppData\\Local\\T...}, fedcm:accounts: true, goog:chromeOptions: {debuggerAddress: localhost:50110}, networkConnectionEnabled: false, pageLoadStrategy: normal, platformName: WINDOWS, proxy: Proxy(), se:cdp: ws://localhost:50110/devtoo..., se:cdpVersion: 122.0.6261.95, setWindowRect: true, strictFileInteractability: false, timeouts: {implicit: 0, pageLoad: 300000, script: 30000}, unhandledPromptBehavior: dismiss and notify, webauthn:extension:credBlob: true, webauthn:extension:largeBlob: true, webauthn:extension:minPinLength: true, webauthn:extension:prf: true, webauthn:virtualAuthenticators: true}\nSession ID: 3f30e582f1bf62b94725e5ae43eb1944\r\n\tat sun.reflect.NativeConstructorAccessorImpl.newInstance0(Native Method)\r\n\tat sun.reflect.NativeConstructorAccessorImpl.newInstance(Unknown Source)\r\n\tat sun.reflect.DelegatingConstructorAccessorImpl.newInstance(Unknown Source)\r\n\tat java.lang.reflect.Constructor.newInstance(Unknown Source)\r\n\tat org.openqa.selenium.remote.codec.w3c.W3CHttpResponseCodec.createException(W3CHttpResponseCodec.java:200)\r\n\tat org.openqa.selenium.remote.codec.w3c.W3CHttpResponseCodec.decode(W3CHttpResponseCodec.java:133)\r\n\tat org.openqa.selenium.remote.codec.w3c.W3CHttpResponseCodec.decode(W3CHttpResponseCodec.java:53)\r\n\tat org.openqa.selenium.remote.HttpCommandExecutor.execute(HttpCommandExecutor.java:193)\r\n\tat org.openqa.selenium.remote.service.DriverCommandExecutor.invokeExecute(DriverCommandExecutor.java:183)\r\n\tat org.openqa.selenium.remote.service.DriverCommandExecutor.execute(DriverCommandExecutor.java:158)\r\n\tat org.openqa.selenium.remote.RemoteWebDriver.execute(RemoteWebDriver.java:543)\r\n\tat org.openqa.selenium.remote.RemoteWebDriver.execute(RemoteWebDriver.java:598)\r\n\tat org.openqa.selenium.remote.RemoteWebDriver.execute(RemoteWebDriver.java:602)\r\n\tat org.openqa.selenium.remote.RemoteWebDriver.getScreenshotAs(RemoteWebDriver.java:318)\r\n\tat com.facebook.stepdefinition.Hooks.afterScenario(Hooks.java:26)\r\n\tat sun.reflect.NativeMethodAccessorImpl.invoke0(Native Method)\r\n\tat sun.reflect.NativeMethodAccessorImpl.invoke(Unknown Source)\r\n\tat sun.reflect.DelegatingMethodAccessorImpl.invoke(Unknown Source)\r\n\tat java.lang.reflect.Method.invoke(Unknown Source)\r\n\tat cucumber.runtime.Utils$1.call(Utils.java:26)\r\n\tat cucumber.runtime.Timeout.timeout(Timeout.java:16)\r\n\tat cucumber.runtime.Utils.invoke(Utils.java:20)\r\n\tat cucumber.runtime.java.JavaHookDefinition.execute(JavaHookDefinition.java:65)\r\n\tat cucumber.runner.HookDefinitionMatch.runStep(HookDefinitionMatch.java:16)\r\n\tat cucumber.runner.TestStep.executeStep(TestStep.java:65)\r\n\tat cucumber.runner.TestStep.run(TestStep.java:50)\r\n\tat cucumber.runner.TestCase.run(TestCase.java:50)\r\n\tat cucumber.runner.Runner.runPickle(Runner.java:50)\r\n\tat io.cucumber.junit.PickleRunners$NoStepDescriptions.run(PickleRunners.java:146)\r\n\tat io.cucumber.junit.FeatureRunner.runChild(FeatureRunner.java:68)\r\n\tat io.cucumber.junit.FeatureRunner.runChild(FeatureRunner.java:23)\r\n\tat org.junit.runners.ParentRunner$3.run(ParentRunner.java:290)\r\n\tat org.junit.runners.ParentRunner$1.schedule(ParentRunner.java:71)\r\n\tat org.junit.runners.ParentRunner.runChildren(ParentRunner.java:288)\r\n\tat org.junit.runners.ParentRunner.access$000(ParentRunner.java:58)\r\n\tat org.junit.runners.ParentRunner$2.evaluate(ParentRunner.java:268)\r\n\tat org.junit.runners.ParentRunner.run(ParentRunner.java:363)\r\n\tat io.cucumber.junit.Cucumber.runChild(Cucumber.java:144)\r\n\tat io.cucumber.junit.Cucumber.runChild(Cucumber.java:65)\r\n\tat org.junit.runners.ParentRunner$3.run(ParentRunner.java:290)\r\n\tat org.junit.runners.ParentRunner$1.schedule(ParentRunner.java:71)\r\n\tat org.junit.runners.ParentRunner.runChildren(ParentRunner.java:288)\r\n\tat org.junit.runners.ParentRunner.access$000(ParentRunner.java:58)\r\n\tat org.junit.runners.ParentRunner$2.evaluate(ParentRunner.java:268)\r\n\tat io.cucumber.junit.Cucumber$RunCucumber.evaluate(Cucumber.java:174)\r\n\tat org.junit.internal.runners.statements.RunAfters.evaluate(RunAfters.java:27)\r\n\tat org.junit.runners.ParentRunner.run(ParentRunner.java:363)\r\n\tat org.eclipse.jdt.internal.junit4.runner.JUnit4TestReference.run(JUnit4TestReference.java:86)\r\n\tat org.eclipse.jdt.internal.junit.runner.TestExecution.run(TestExecution.java:38)\r\n\tat org.eclipse.jdt.internal.junit.runner.RemoteTestRunner.runTests(RemoteTestRunner.java:538)\r\n\tat org.eclipse.jdt.internal.junit.runner.RemoteTestRunner.runTests(RemoteTestRunner.java:760)\r\n\tat org.eclipse.jdt.internal.junit.runner.RemoteTestRunner.run(RemoteTestRunner.java:460)\r\n\tat org.eclipse.jdt.internal.junit.runner.RemoteTestRunner.main(RemoteTestRunner.java:206)\r\n",
              "duration": 8710800,
              "status": "failed"
            },
            "match": {
              "location": "Hooks.afterScenario(Scenario)"
            }
          }
        ],
        "type": "scenario",
        "keyword": "Scenario Outline",
        "steps": [
          {
            "result": {
              "error_message": "org.openqa.selenium.NoSuchWindowException: no such window: target window already closed\nfrom unknown error: web view not found\n  (Session info: chrome\u003d122.0.6261.95)\nBuild info: version: \u00274.9.0\u0027, revision: \u0027d7057100a6\u0027\nSystem info: os.name: \u0027Windows 10\u0027, os.arch: \u0027amd64\u0027, os.version: \u002710.0\u0027, java.version: \u00271.8.0_201\u0027\nDriver info: org.openqa.selenium.chrome.ChromeDriver\nCommand: [3f30e582f1bf62b94725e5ae43eb1944, findElement {using\u003did, value\u003demail}]\nCapabilities {acceptInsecureCerts: false, browserName: chrome, browserVersion: 122.0.6261.95, chrome: {chromedriverVersion: 122.0.6261.94 (880dbf29479c..., userDataDir: C:\\Users\\hp\\AppData\\Local\\T...}, fedcm:accounts: true, goog:chromeOptions: {debuggerAddress: localhost:50110}, networkConnectionEnabled: false, pageLoadStrategy: normal, platformName: WINDOWS, proxy: Proxy(), se:cdp: ws://localhost:50110/devtoo..., se:cdpVersion: 122.0.6261.95, setWindowRect: true, strictFileInteractability: false, timeouts: {implicit: 0, pageLoad: 300000, script: 30000}, unhandledPromptBehavior: dismiss and notify, webauthn:extension:credBlob: true, webauthn:extension:largeBlob: true, webauthn:extension:minPinLength: true, webauthn:extension:prf: true, webauthn:virtualAuthenticators: true}\nSession ID: 3f30e582f1bf62b94725e5ae43eb1944\r\n\tat sun.reflect.NativeConstructorAccessorImpl.newInstance0(Native Method)\r\n\tat sun.reflect.NativeConstructorAccessorImpl.newInstance(Unknown Source)\r\n\tat sun.reflect.DelegatingConstructorAccessorImpl.newInstance(Unknown Source)\r\n\tat java.lang.reflect.Constructor.newInstance(Unknown Source)\r\n\tat org.openqa.selenium.remote.codec.w3c.W3CHttpResponseCodec.createException(W3CHttpResponseCodec.java:200)\r\n\tat org.openqa.selenium.remote.codec.w3c.W3CHttpResponseCodec.decode(W3CHttpResponseCodec.java:133)\r\n\tat org.openqa.selenium.remote.codec.w3c.W3CHttpResponseCodec.decode(W3CHttpResponseCodec.java:53)\r\n\tat org.openqa.selenium.remote.HttpCommandExecutor.execute(HttpCommandExecutor.java:193)\r\n\tat org.openqa.selenium.remote.service.DriverCommandExecutor.invokeExecute(DriverCommandExecutor.java:183)\r\n\tat org.openqa.selenium.remote.service.DriverCommandExecutor.execute(DriverCommandExecutor.java:158)\r\n\tat org.openqa.selenium.remote.RemoteWebDriver.execute(RemoteWebDriver.java:543)\r\n\tat org.openqa.selenium.remote.ElementLocation$ElementFinder$2.findElement(ElementLocation.java:162)\r\n\tat org.openqa.selenium.remote.ElementLocation.findElement(ElementLocation.java:66)\r\n\tat org.openqa.selenium.remote.RemoteWebDriver.findElement(RemoteWebDriver.java:352)\r\n\tat org.openqa.selenium.remote.RemoteWebDriver.findElement(RemoteWebDriver.java:344)\r\n\tat org.openqa.selenium.support.pagefactory.DefaultElementLocator.findElement(DefaultElementLocator.java:70)\r\n\tat org.openqa.selenium.support.pagefactory.internal.LocatingElementHandler.invoke(LocatingElementHandler.java:39)\r\n\tat com.sun.proxy.$Proxy23.sendKeys(Unknown Source)\r\n\tat com.facebook.utilities.BaseClass.enterText(BaseClass.java:74)\r\n\tat com.facebook.stepdefinition.LoginSteps.user_enter_username_and_password(LoginSteps.java:33)\r\n\tat âœ½.user enter \"ijk\" and \"ijk@123\"(file:src/test/resources/FeatureFile/Login.feature:9)\r\n",
              "duration": 28497900,
              "status": "failed"
            },
            "line": 9,
            "name": "user enter \"ijk\" and \"ijk@123\"",
            "match": {
              "arguments": [
                {
                  "val": "\"ijk\"",
                  "offset": 11
                },
                {
                  "val": "\"ijk@123\"",
                  "offset": 21
                }
              ],
              "location": "LoginSteps.user_enter_username_and_password(String,String)"
            },
            "keyword": "When "
          },
          {
            "result": {
              "duration": 1200700,
              "status": "skipped"
            },
            "line": 10,
            "name": "user click login button",
            "match": {
              "location": "LoginSteps.user_click_login_button()"
            },
            "keyword": "And "
          },
          {
            "result": {
              "duration": 1327700,
              "status": "skipped"
            },
            "line": 11,
            "name": "user sees the results based on \"negative\"",
            "match": {
              "arguments": [
                {
                  "val": "\"negative\"",
                  "offset": 31
                }
              ],
              "location": "LoginSteps.user_sees_the_results_based_on(String)"
            },
            "keyword": "Then "
          }
        ],
        "tags": [
          {
            "name": "@Login"
          },
          {
            "name": "@smoke"
          }
        ]
      },
      {
        "line": 4,
        "name": "",
        "description": "",
        "type": "background",
        "keyword": "Background",
        "steps": [
          {
            "result": {
              "duration": 4808149699,
              "status": "passed"
            },
            "line": 5,
            "name": "user launch the facebook application",
            "match": {
              "location": "LoginSteps.user_launch_the_facebook_application()"
            },
            "keyword": "Given "
          }
        ]
      },
      {
        "start_timestamp": "2024-03-01T16:35:58.384Z",
        "before": [
          {
            "result": {
              "duration": 10418711700,
              "status": "passed"
            },
            "match": {
              "location": "Hooks.beforeScenario()"
            }
          }
        ],
        "line": 16,
        "name": "To validate login using different credential sets",
        "description": "",
        "id": "to-validate-the-login-functionlity;to-validate-login-using-different-credential-sets;;3",
        "after": [
          {
            "result": {
              "error_message": "org.openqa.selenium.NoSuchWindowException: no such window: target window already closed\nfrom unknown error: web view not found\n  (Session info: chrome\u003d122.0.6261.95)\nBuild info: version: \u00274.9.0\u0027, revision: \u0027d7057100a6\u0027\nSystem info: os.name: \u0027Windows 10\u0027, os.arch: \u0027amd64\u0027, os.version: \u002710.0\u0027, java.version: \u00271.8.0_201\u0027\nDriver info: org.openqa.selenium.chrome.ChromeDriver\nCommand: [235fd0419865c4d632d3236bf6cfb689, screenshot {}]\nCapabilities {acceptInsecureCerts: false, browserName: chrome, browserVersion: 122.0.6261.95, chrome: {chromedriverVersion: 122.0.6261.94 (880dbf29479c..., userDataDir: C:\\Users\\hp\\AppData\\Local\\T...}, fedcm:accounts: true, goog:chromeOptions: {debuggerAddress: localhost:50200}, networkConnectionEnabled: false, pageLoadStrategy: normal, platformName: WINDOWS, proxy: Proxy(), se:cdp: ws://localhost:50200/devtoo..., se:cdpVersion: 122.0.6261.95, setWindowRect: true, strictFileInteractability: false, timeouts: {implicit: 0, pageLoad: 300000, script: 30000}, unhandledPromptBehavior: dismiss and notify, webauthn:extension:credBlob: true, webauthn:extension:largeBlob: true, webauthn:extension:minPinLength: true, webauthn:extension:prf: true, webauthn:virtualAuthenticators: true}\nSession ID: 235fd0419865c4d632d3236bf6cfb689\r\n\tat sun.reflect.NativeConstructorAccessorImpl.newInstance0(Native Method)\r\n\tat sun.reflect.NativeConstructorAccessorImpl.newInstance(Unknown Source)\r\n\tat sun.reflect.DelegatingConstructorAccessorImpl.newInstance(Unknown Source)\r\n\tat java.lang.reflect.Constructor.newInstance(Unknown Source)\r\n\tat org.openqa.selenium.remote.codec.w3c.W3CHttpResponseCodec.createException(W3CHttpResponseCodec.java:200)\r\n\tat org.openqa.selenium.remote.codec.w3c.W3CHttpResponseCodec.decode(W3CHttpResponseCodec.java:133)\r\n\tat org.openqa.selenium.remote.codec.w3c.W3CHttpResponseCodec.decode(W3CHttpResponseCodec.java:53)\r\n\tat org.openqa.selenium.remote.HttpCommandExecutor.execute(HttpCommandExecutor.java:193)\r\n\tat org.openqa.selenium.remote.service.DriverCommandExecutor.invokeExecute(DriverCommandExecutor.java:183)\r\n\tat org.openqa.selenium.remote.service.DriverCommandExecutor.execute(DriverCommandExecutor.java:158)\r\n\tat org.openqa.selenium.remote.RemoteWebDriver.execute(RemoteWebDriver.java:543)\r\n\tat org.openqa.selenium.remote.RemoteWebDriver.execute(RemoteWebDriver.java:598)\r\n\tat org.openqa.selenium.remote.RemoteWebDriver.execute(RemoteWebDriver.java:602)\r\n\tat org.openqa.selenium.remote.RemoteWebDriver.getScreenshotAs(RemoteWebDriver.java:318)\r\n\tat com.facebook.stepdefinition.Hooks.afterScenario(Hooks.java:26)\r\n\tat sun.reflect.NativeMethodAccessorImpl.invoke0(Native Method)\r\n\tat sun.reflect.NativeMethodAccessorImpl.invoke(Unknown Source)\r\n\tat sun.reflect.DelegatingMethodAccessorImpl.invoke(Unknown Source)\r\n\tat java.lang.reflect.Method.invoke(Unknown Source)\r\n\tat cucumber.runtime.Utils$1.call(Utils.java:26)\r\n\tat cucumber.runtime.Timeout.timeout(Timeout.java:16)\r\n\tat cucumber.runtime.Utils.invoke(Utils.java:20)\r\n\tat cucumber.runtime.java.JavaHookDefinition.execute(JavaHookDefinition.java:65)\r\n\tat cucumber.runner.HookDefinitionMatch.runStep(HookDefinitionMatch.java:16)\r\n\tat cucumber.runner.TestStep.executeStep(TestStep.java:65)\r\n\tat cucumber.runner.TestStep.run(TestStep.java:50)\r\n\tat cucumber.runner.TestCase.run(TestCase.java:50)\r\n\tat cucumber.runner.Runner.runPickle(Runner.java:50)\r\n\tat io.cucumber.junit.PickleRunners$NoStepDescriptions.run(PickleRunners.java:146)\r\n\tat io.cucumber.junit.FeatureRunner.runChild(FeatureRunner.java:68)\r\n\tat io.cucumber.junit.FeatureRunner.runChild(FeatureRunner.java:23)\r\n\tat org.junit.runners.ParentRunner$3.run(ParentRunner.java:290)\r\n\tat org.junit.runners.ParentRunner$1.schedule(ParentRunner.java:71)\r\n\tat org.junit.runners.ParentRunner.runChildren(ParentRunner.java:288)\r\n\tat org.junit.runners.ParentRunner.access$000(ParentRunner.java:58)\r\n\tat org.junit.runners.ParentRunner$2.evaluate(ParentRunner.java:268)\r\n\tat org.junit.runners.ParentRunner.run(ParentRunner.java:363)\r\n\tat io.cucumber.junit.Cucumber.runChild(Cucumber.java:144)\r\n\tat io.cucumber.junit.Cucumber.runChild(Cucumber.java:65)\r\n\tat org.junit.runners.ParentRunner$3.run(ParentRunner.java:290)\r\n\tat org.junit.runners.ParentRunner$1.schedule(ParentRunner.java:71)\r\n\tat org.junit.runners.ParentRunner.runChildren(ParentRunner.java:288)\r\n\tat org.junit.runners.ParentRunner.access$000(ParentRunner.java:58)\r\n\tat org.junit.runners.ParentRunner$2.evaluate(ParentRunner.java:268)\r\n\tat io.cucumber.junit.Cucumber$RunCucumber.evaluate(Cucumber.java:174)\r\n\tat org.junit.internal.runners.statements.RunAfters.evaluate(RunAfters.java:27)\r\n\tat org.junit.runners.ParentRunner.run(ParentRunner.java:363)\r\n\tat org.eclipse.jdt.internal.junit4.runner.JUnit4TestReference.run(JUnit4TestReference.java:86)\r\n\tat org.eclipse.jdt.internal.junit.runner.TestExecution.run(TestExecution.java:38)\r\n\tat org.eclipse.jdt.internal.junit.runner.RemoteTestRunner.runTests(RemoteTestRunner.java:538)\r\n\tat org.eclipse.jdt.internal.junit.runner.RemoteTestRunner.runTests(RemoteTestRunner.java:760)\r\n\tat org.eclipse.jdt.internal.junit.runner.RemoteTestRunner.run(RemoteTestRunner.java:460)\r\n\tat org.eclipse.jdt.internal.junit.runner.RemoteTestRunner.main(RemoteTestRunner.java:206)\r\n",
              "duration": 7289200,
              "status": "failed"
            },
            "match": {
              "location": "Hooks.afterScenario(Scenario)"
            }
          }
        ],
        "type": "scenario",
        "keyword": "Scenario Outline",
        "steps": [
          {
            "result": {
              "error_message": "org.openqa.selenium.NoSuchWindowException: no such window: target window already closed\nfrom unknown error: web view not found\n  (Session info: chrome\u003d122.0.6261.95)\nBuild info: version: \u00274.9.0\u0027, revision: \u0027d7057100a6\u0027\nSystem info: os.name: \u0027Windows 10\u0027, os.arch: \u0027amd64\u0027, os.version: \u002710.0\u0027, java.version: \u00271.8.0_201\u0027\nDriver info: org.openqa.selenium.chrome.ChromeDriver\nCommand: [235fd0419865c4d632d3236bf6cfb689, findElement {using\u003did, value\u003demail}]\nCapabilities {acceptInsecureCerts: false, browserName: chrome, browserVersion: 122.0.6261.95, chrome: {chromedriverVersion: 122.0.6261.94 (880dbf29479c..., userDataDir: C:\\Users\\hp\\AppData\\Local\\T...}, fedcm:accounts: true, goog:chromeOptions: {debuggerAddress: localhost:50200}, networkConnectionEnabled: false, pageLoadStrategy: normal, platformName: WINDOWS, proxy: Proxy(), se:cdp: ws://localhost:50200/devtoo..., se:cdpVersion: 122.0.6261.95, setWindowRect: true, strictFileInteractability: false, timeouts: {implicit: 0, pageLoad: 300000, script: 30000}, unhandledPromptBehavior: dismiss and notify, webauthn:extension:credBlob: true, webauthn:extension:largeBlob: true, webauthn:extension:minPinLength: true, webauthn:extension:prf: true, webauthn:virtualAuthenticators: true}\nSession ID: 235fd0419865c4d632d3236bf6cfb689\r\n\tat sun.reflect.NativeConstructorAccessorImpl.newInstance0(Native Method)\r\n\tat sun.reflect.NativeConstructorAccessorImpl.newInstance(Unknown Source)\r\n\tat sun.reflect.DelegatingConstructorAccessorImpl.newInstance(Unknown Source)\r\n\tat java.lang.reflect.Constructor.newInstance(Unknown Source)\r\n\tat org.openqa.selenium.remote.codec.w3c.W3CHttpResponseCodec.createException(W3CHttpResponseCodec.java:200)\r\n\tat org.openqa.selenium.remote.codec.w3c.W3CHttpResponseCodec.decode(W3CHttpResponseCodec.java:133)\r\n\tat org.openqa.selenium.remote.codec.w3c.W3CHttpResponseCodec.decode(W3CHttpResponseCodec.java:53)\r\n\tat org.openqa.selenium.remote.HttpCommandExecutor.execute(HttpCommandExecutor.java:193)\r\n\tat org.openqa.selenium.remote.service.DriverCommandExecutor.invokeExecute(DriverCommandExecutor.java:183)\r\n\tat org.openqa.selenium.remote.service.DriverCommandExecutor.execute(DriverCommandExecutor.java:158)\r\n\tat org.openqa.selenium.remote.RemoteWebDriver.execute(RemoteWebDriver.java:543)\r\n\tat org.openqa.selenium.remote.ElementLocation$ElementFinder$2.findElement(ElementLocation.java:162)\r\n\tat org.openqa.selenium.remote.ElementLocation.findElement(ElementLocation.java:66)\r\n\tat org.openqa.selenium.remote.RemoteWebDriver.findElement(RemoteWebDriver.java:352)\r\n\tat org.openqa.selenium.remote.RemoteWebDriver.findElement(RemoteWebDriver.java:344)\r\n\tat org.openqa.selenium.support.pagefactory.DefaultElementLocator.findElement(DefaultElementLocator.java:70)\r\n\tat org.openqa.selenium.support.pagefactory.internal.LocatingElementHandler.invoke(LocatingElementHandler.java:39)\r\n\tat com.sun.proxy.$Proxy23.sendKeys(Unknown Source)\r\n\tat com.facebook.utilities.BaseClass.enterText(BaseClass.java:74)\r\n\tat com.facebook.stepdefinition.LoginSteps.user_enter_username_and_password(LoginSteps.java:33)\r\n\tat âœ½.user enter \"mno\" and \"mngt@123\"(file:src/test/resources/FeatureFile/Login.feature:9)\r\n",
              "duration": 23541600,
              "status": "failed"
            },
            "line": 9,
            "name": "user enter \"mno\" and \"mngt@123\"",
            "match": {
              "arguments": [
                {
                  "val": "\"mno\"",
                  "offset": 11
                },
                {
                  "val": "\"mngt@123\"",
                  "offset": 21
                }
              ],
              "location": "LoginSteps.user_enter_username_and_password(String,String)"
            },
            "keyword": "When "
          },
          {
            "result": {
              "duration": 1365300,
              "status": "skipped"
            },
            "line": 10,
            "name": "user click login button",
            "match": {
              "location": "LoginSteps.user_click_login_button()"
            },
            "keyword": "And "
          },
          {
            "result": {
              "duration": 1709700,
              "status": "skipped"
            },
            "line": 11,
            "name": "user sees the results based on \"negative\"",
            "match": {
              "arguments": [
                {
                  "val": "\"negative\"",
                  "offset": 31
                }
              ],
              "location": "LoginSteps.user_sees_the_results_based_on(String)"
            },
            "keyword": "Then "
          }
        ],
        "tags": [
          {
            "name": "@Login"
          },
          {
            "name": "@smoke"
          }
        ]
      },
      {
        "line": 4,
        "name": "",
        "description": "",
        "type": "background",
        "keyword": "Background",
        "steps": [
          {
            "result": {
              "duration": 20891817700,
              "status": "passed"
            },
            "line": 5,
            "name": "user launch the facebook application",
            "match": {
              "location": "LoginSteps.user_launch_the_facebook_application()"
            },
            "keyword": "Given "
          }
        ]
      },
      {
        "start_timestamp": "2024-03-01T16:36:13.678Z",
        "before": [
          {
            "result": {
              "duration": 11701046600,
              "status": "passed"
            },
            "match": {
              "location": "Hooks.beforeScenario()"
            }
          }
        ],
        "line": 17,
        "name": "To validate login using different credential sets",
        "description": "",
        "id": "to-validate-the-login-functionlity;to-validate-login-using-different-credential-sets;;4",
        "after": [
          {
            "result": {
              "error_message": "org.openqa.selenium.NoSuchWindowException: no such window: target window already closed\nfrom unknown error: web view not found\n  (Session info: chrome\u003d122.0.6261.95)\nBuild info: version: \u00274.9.0\u0027, revision: \u0027d7057100a6\u0027\nSystem info: os.name: \u0027Windows 10\u0027, os.arch: \u0027amd64\u0027, os.version: \u002710.0\u0027, java.version: \u00271.8.0_201\u0027\nDriver info: org.openqa.selenium.chrome.ChromeDriver\nCommand: [ba77b7875f13b3043b922474397b2bdc, screenshot {}]\nCapabilities {acceptInsecureCerts: false, browserName: chrome, browserVersion: 122.0.6261.95, chrome: {chromedriverVersion: 122.0.6261.94 (880dbf29479c..., userDataDir: C:\\Users\\hp\\AppData\\Local\\T...}, fedcm:accounts: true, goog:chromeOptions: {debuggerAddress: localhost:50229}, networkConnectionEnabled: false, pageLoadStrategy: normal, platformName: WINDOWS, proxy: Proxy(), se:cdp: ws://localhost:50229/devtoo..., se:cdpVersion: 122.0.6261.95, setWindowRect: true, strictFileInteractability: false, timeouts: {implicit: 0, pageLoad: 300000, script: 30000}, unhandledPromptBehavior: dismiss and notify, webauthn:extension:credBlob: true, webauthn:extension:largeBlob: true, webauthn:extension:minPinLength: true, webauthn:extension:prf: true, webauthn:virtualAuthenticators: true}\nSession ID: ba77b7875f13b3043b922474397b2bdc\r\n\tat sun.reflect.NativeConstructorAccessorImpl.newInstance0(Native Method)\r\n\tat sun.reflect.NativeConstructorAccessorImpl.newInstance(Unknown Source)\r\n\tat sun.reflect.DelegatingConstructorAccessorImpl.newInstance(Unknown Source)\r\n\tat java.lang.reflect.Constructor.newInstance(Unknown Source)\r\n\tat org.openqa.selenium.remote.codec.w3c.W3CHttpResponseCodec.createException(W3CHttpResponseCodec.java:200)\r\n\tat org.openqa.selenium.remote.codec.w3c.W3CHttpResponseCodec.decode(W3CHttpResponseCodec.java:133)\r\n\tat org.openqa.selenium.remote.codec.w3c.W3CHttpResponseCodec.decode(W3CHttpResponseCodec.java:53)\r\n\tat org.openqa.selenium.remote.HttpCommandExecutor.execute(HttpCommandExecutor.java:193)\r\n\tat org.openqa.selenium.remote.service.DriverCommandExecutor.invokeExecute(DriverCommandExecutor.java:183)\r\n\tat org.openqa.selenium.remote.service.DriverCommandExecutor.execute(DriverCommandExecutor.java:158)\r\n\tat org.openqa.selenium.remote.RemoteWebDriver.execute(RemoteWebDriver.java:543)\r\n\tat org.openqa.selenium.remote.RemoteWebDriver.execute(RemoteWebDriver.java:598)\r\n\tat org.openqa.selenium.remote.RemoteWebDriver.execute(RemoteWebDriver.java:602)\r\n\tat org.openqa.selenium.remote.RemoteWebDriver.getScreenshotAs(RemoteWebDriver.java:318)\r\n\tat com.facebook.stepdefinition.Hooks.afterScenario(Hooks.java:26)\r\n\tat sun.reflect.NativeMethodAccessorImpl.invoke0(Native Method)\r\n\tat sun.reflect.NativeMethodAccessorImpl.invoke(Unknown Source)\r\n\tat sun.reflect.DelegatingMethodAccessorImpl.invoke(Unknown Source)\r\n\tat java.lang.reflect.Method.invoke(Unknown Source)\r\n\tat cucumber.runtime.Utils$1.call(Utils.java:26)\r\n\tat cucumber.runtime.Timeout.timeout(Timeout.java:16)\r\n\tat cucumber.runtime.Utils.invoke(Utils.java:20)\r\n\tat cucumber.runtime.java.JavaHookDefinition.execute(JavaHookDefinition.java:65)\r\n\tat cucumber.runner.HookDefinitionMatch.runStep(HookDefinitionMatch.java:16)\r\n\tat cucumber.runner.TestStep.executeStep(TestStep.java:65)\r\n\tat cucumber.runner.TestStep.run(TestStep.java:50)\r\n\tat cucumber.runner.TestCase.run(TestCase.java:50)\r\n\tat cucumber.runner.Runner.runPickle(Runner.java:50)\r\n\tat io.cucumber.junit.PickleRunners$NoStepDescriptions.run(PickleRunners.java:146)\r\n\tat io.cucumber.junit.FeatureRunner.runChild(FeatureRunner.java:68)\r\n\tat io.cucumber.junit.FeatureRunner.runChild(FeatureRunner.java:23)\r\n\tat org.junit.runners.ParentRunner$3.run(ParentRunner.java:290)\r\n\tat org.junit.runners.ParentRunner$1.schedule(ParentRunner.java:71)\r\n\tat org.junit.runners.ParentRunner.runChildren(ParentRunner.java:288)\r\n\tat org.junit.runners.ParentRunner.access$000(ParentRunner.java:58)\r\n\tat org.junit.runners.ParentRunner$2.evaluate(ParentRunner.java:268)\r\n\tat org.junit.runners.ParentRunner.run(ParentRunner.java:363)\r\n\tat io.cucumber.junit.Cucumber.runChild(Cucumber.java:144)\r\n\tat io.cucumber.junit.Cucumber.runChild(Cucumber.java:65)\r\n\tat org.junit.runners.ParentRunner$3.run(ParentRunner.java:290)\r\n\tat org.junit.runners.ParentRunner$1.schedule(ParentRunner.java:71)\r\n\tat org.junit.runners.ParentRunner.runChildren(ParentRunner.java:288)\r\n\tat org.junit.runners.ParentRunner.access$000(ParentRunner.java:58)\r\n\tat org.junit.runners.ParentRunner$2.evaluate(ParentRunner.java:268)\r\n\tat io.cucumber.junit.Cucumber$RunCucumber.evaluate(Cucumber.java:174)\r\n\tat org.junit.internal.runners.statements.RunAfters.evaluate(RunAfters.java:27)\r\n\tat org.junit.runners.ParentRunner.run(ParentRunner.java:363)\r\n\tat org.eclipse.jdt.internal.junit4.runner.JUnit4TestReference.run(JUnit4TestReference.java:86)\r\n\tat org.eclipse.jdt.internal.junit.runner.TestExecution.run(TestExecution.java:38)\r\n\tat org.eclipse.jdt.internal.junit.runner.RemoteTestRunner.runTests(RemoteTestRunner.java:538)\r\n\tat org.eclipse.jdt.internal.junit.runner.RemoteTestRunner.runTests(RemoteTestRunner.java:760)\r\n\tat org.eclipse.jdt.internal.junit.runner.RemoteTestRunner.run(RemoteTestRunner.java:460)\r\n\tat org.eclipse.jdt.internal.junit.runner.RemoteTestRunner.main(RemoteTestRunner.java:206)\r\n",
              "duration": 9864900,
              "status": "failed"
            },
            "match": {
              "location": "Hooks.afterScenario(Scenario)"
            }
          }
        ],
        "type": "scenario",
        "keyword": "Scenario Outline",
        "steps": [
          {
            "result": {
              "duration": 575927700,
              "status": "passed"
            },
            "line": 9,
            "name": "user enter \"r15ranjith@gmail.com\" and \"Ram9992@\"",
            "match": {
              "arguments": [
                {
                  "val": "\"r15ranjith@gmail.com\"",
                  "offset": 11
                },
                {
                  "val": "\"Ram9992@\"",
                  "offset": 38
                }
              ],
              "location": "LoginSteps.user_enter_username_and_password(String,String)"
            },
            "keyword": "When "
          },
          {
            "result": {
              "duration": 3188242100,
              "status": "passed"
            },
            "line": 10,
            "name": "user click login button",
            "match": {
              "location": "LoginSteps.user_click_login_button()"
            },
            "keyword": "And "
          },
          {
            "result": {
              "error_message": "org.openqa.selenium.NoSuchElementException: Unable to find element with locator By.xpath: //span[text()\u003d\u0027Ranjith Kumar\u0027]\nFor documentation on this error, please visit: https://selenium.dev/exceptions/#no_such_element\nBuild info: version: \u00274.9.0\u0027, revision: \u0027d7057100a6\u0027\nSystem info: os.name: \u0027Windows 10\u0027, os.arch: \u0027amd64\u0027, os.version: \u002710.0\u0027, java.version: \u00271.8.0_201\u0027\nDriver info: driver.version: RemoteWebDriver\r\n\tat org.openqa.selenium.remote.ElementLocation$ElementFinder$2.findElement(ElementLocation.java:165)\r\n\tat org.openqa.selenium.remote.ElementLocation.findElement(ElementLocation.java:60)\r\n\tat org.openqa.selenium.remote.RemoteWebDriver.findElement(RemoteWebDriver.java:352)\r\n\tat org.openqa.selenium.remote.RemoteWebDriver.findElement(RemoteWebDriver.java:344)\r\n\tat org.openqa.selenium.support.pagefactory.DefaultElementLocator.findElement(DefaultElementLocator.java:70)\r\n\tat org.openqa.selenium.support.pagefactory.internal.LocatingElementHandler.invoke(LocatingElementHandler.java:39)\r\n\tat com.sun.proxy.$Proxy23.isDisplayed(Unknown Source)\r\n\tat com.facebook.utilities.BaseClass.verifyPresenceOfAndElement(BaseClass.java:84)\r\n\tat com.facebook.stepdefinition.LoginSteps.user_sees_the_results_based_on(LoginSteps.java:56)\r\n\tat âœ½.user sees the results based on \"positive\"(file:src/test/resources/FeatureFile/Login.feature:11)\r\n",
              "duration": 6945594700,
              "status": "failed"
            },
            "line": 11,
            "name": "user sees the results based on \"positive\"",
            "match": {
              "arguments": [
                {
                  "val": "\"positive\"",
                  "offset": 31
                }
              ],
              "location": "LoginSteps.user_sees_the_results_based_on(String)"
            },
            "keyword": "Then "
          }
        ],
        "tags": [
          {
            "name": "@Login"
          },
          {
            "name": "@smoke"
          }
        ]
      },
      {
        "line": 4,
        "name": "",
        "description": "",
        "type": "background",
        "keyword": "Background",
        "steps": [
          {
            "result": {
              "duration": 950071399,
              "status": "passed"
            },
            "line": 5,
            "name": "user launch the facebook application",
            "match": {
              "location": "LoginSteps.user_launch_the_facebook_application()"
            },
            "keyword": "Given "
          }
        ]
      },
      {
        "start_timestamp": "2024-03-01T16:36:57.036Z",
        "before": [
          {
            "result": {
              "duration": 4504683700,
              "status": "passed"
            },
            "match": {
              "location": "Hooks.beforeScenario()"
            }
          }
        ],
        "line": 20,
        "name": "To validate login using different credential sets",
        "description": "",
        "id": "to-validate-the-login-functionlity;to-validate-login-using-different-credential-sets",
        "after": [
          {
            "result": {
              "error_message": "org.openqa.selenium.NoSuchWindowException: no such window: target window already closed\nfrom unknown error: web view not found\n  (Session info: chrome\u003d122.0.6261.95)\nBuild info: version: \u00274.9.0\u0027, revision: \u0027d7057100a6\u0027\nSystem info: os.name: \u0027Windows 10\u0027, os.arch: \u0027amd64\u0027, os.version: \u002710.0\u0027, java.version: \u00271.8.0_201\u0027\nDriver info: org.openqa.selenium.chrome.ChromeDriver\nCommand: [14448680df60fc60391dd5fb1852eacf, screenshot {}]\nCapabilities {acceptInsecureCerts: false, browserName: chrome, browserVersion: 122.0.6261.95, chrome: {chromedriverVersion: 122.0.6261.94 (880dbf29479c..., userDataDir: C:\\Users\\hp\\AppData\\Local\\T...}, fedcm:accounts: true, goog:chromeOptions: {debuggerAddress: localhost:50271}, networkConnectionEnabled: false, pageLoadStrategy: normal, platformName: WINDOWS, proxy: Proxy(), se:cdp: ws://localhost:50271/devtoo..., se:cdpVersion: 122.0.6261.95, setWindowRect: true, strictFileInteractability: false, timeouts: {implicit: 0, pageLoad: 300000, script: 30000}, unhandledPromptBehavior: dismiss and notify, webauthn:extension:credBlob: true, webauthn:extension:largeBlob: true, webauthn:extension:minPinLength: true, webauthn:extension:prf: true, webauthn:virtualAuthenticators: true}\nSession ID: 14448680df60fc60391dd5fb1852eacf\r\n\tat sun.reflect.NativeConstructorAccessorImpl.newInstance0(Native Method)\r\n\tat sun.reflect.NativeConstructorAccessorImpl.newInstance(Unknown Source)\r\n\tat sun.reflect.DelegatingConstructorAccessorImpl.newInstance(Unknown Source)\r\n\tat java.lang.reflect.Constructor.newInstance(Unknown Source)\r\n\tat org.openqa.selenium.remote.codec.w3c.W3CHttpResponseCodec.createException(W3CHttpResponseCodec.java:200)\r\n\tat org.openqa.selenium.remote.codec.w3c.W3CHttpResponseCodec.decode(W3CHttpResponseCodec.java:133)\r\n\tat org.openqa.selenium.remote.codec.w3c.W3CHttpResponseCodec.decode(W3CHttpResponseCodec.java:53)\r\n\tat org.openqa.selenium.remote.HttpCommandExecutor.execute(HttpCommandExecutor.java:193)\r\n\tat org.openqa.selenium.remote.service.DriverCommandExecutor.invokeExecute(DriverCommandExecutor.java:183)\r\n\tat org.openqa.selenium.remote.service.DriverCommandExecutor.execute(DriverCommandExecutor.java:158)\r\n\tat org.openqa.selenium.remote.RemoteWebDriver.execute(RemoteWebDriver.java:543)\r\n\tat org.openqa.selenium.remote.RemoteWebDriver.execute(RemoteWebDriver.java:598)\r\n\tat org.openqa.selenium.remote.RemoteWebDriver.execute(RemoteWebDriver.java:602)\r\n\tat org.openqa.selenium.remote.RemoteWebDriver.getScreenshotAs(RemoteWebDriver.java:318)\r\n\tat com.facebook.stepdefinition.Hooks.afterScenario(Hooks.java:26)\r\n\tat sun.reflect.NativeMethodAccessorImpl.invoke0(Native Method)\r\n\tat sun.reflect.NativeMethodAccessorImpl.invoke(Unknown Source)\r\n\tat sun.reflect.DelegatingMethodAccessorImpl.invoke(Unknown Source)\r\n\tat java.lang.reflect.Method.invoke(Unknown Source)\r\n\tat cucumber.runtime.Utils$1.call(Utils.java:26)\r\n\tat cucumber.runtime.Timeout.timeout(Timeout.java:16)\r\n\tat cucumber.runtime.Utils.invoke(Utils.java:20)\r\n\tat cucumber.runtime.java.JavaHookDefinition.execute(JavaHookDefinition.java:65)\r\n\tat cucumber.runner.HookDefinitionMatch.runStep(HookDefinitionMatch.java:16)\r\n\tat cucumber.runner.TestStep.executeStep(TestStep.java:65)\r\n\tat cucumber.runner.TestStep.run(TestStep.java:50)\r\n\tat cucumber.runner.TestCase.run(TestCase.java:50)\r\n\tat cucumber.runner.Runner.runPickle(Runner.java:50)\r\n\tat io.cucumber.junit.PickleRunners$NoStepDescriptions.run(PickleRunners.java:146)\r\n\tat io.cucumber.junit.FeatureRunner.runChild(FeatureRunner.java:68)\r\n\tat io.cucumber.junit.FeatureRunner.runChild(FeatureRunner.java:23)\r\n\tat org.junit.runners.ParentRunner$3.run(ParentRunner.java:290)\r\n\tat org.junit.runners.ParentRunner$1.schedule(ParentRunner.java:71)\r\n\tat org.junit.runners.ParentRunner.runChildren(ParentRunner.java:288)\r\n\tat org.junit.runners.ParentRunner.access$000(ParentRunner.java:58)\r\n\tat org.junit.runners.ParentRunner$2.evaluate(ParentRunner.java:268)\r\n\tat org.junit.runners.ParentRunner.run(ParentRunner.java:363)\r\n\tat io.cucumber.junit.Cucumber.runChild(Cucumber.java:144)\r\n\tat io.cucumber.junit.Cucumber.runChild(Cucumber.java:65)\r\n\tat org.junit.runners.ParentRunner$3.run(ParentRunner.java:290)\r\n\tat org.junit.runners.ParentRunner$1.schedule(ParentRunner.java:71)\r\n\tat org.junit.runners.ParentRunner.runChildren(ParentRunner.java:288)\r\n\tat org.junit.runners.ParentRunner.access$000(ParentRunner.java:58)\r\n\tat org.junit.runners.ParentRunner$2.evaluate(ParentRunner.java:268)\r\n\tat io.cucumber.junit.Cucumber$RunCucumber.evaluate(Cucumber.java:174)\r\n\tat org.junit.internal.runners.statements.RunAfters.evaluate(RunAfters.java:27)\r\n\tat org.junit.runners.ParentRunner.run(ParentRunner.java:363)\r\n\tat org.eclipse.jdt.internal.junit4.runner.JUnit4TestReference.run(JUnit4TestReference.java:86)\r\n\tat org.eclipse.jdt.internal.junit.runner.TestExecution.run(TestExecution.java:38)\r\n\tat org.eclipse.jdt.internal.junit.runner.RemoteTestRunner.runTests(RemoteTestRunner.java:538)\r\n\tat org.eclipse.jdt.internal.junit.runner.RemoteTestRunner.runTests(RemoteTestRunner.java:760)\r\n\tat org.eclipse.jdt.internal.junit.runner.RemoteTestRunner.run(RemoteTestRunner.java:460)\r\n\tat org.eclipse.jdt.internal.junit.runner.RemoteTestRunner.main(RemoteTestRunner.java:206)\r\n",
              "duration": 4382999,
              "status": "failed"
            },
            "match": {
              "location": "Hooks.afterScenario(Scenario)"
            }
          }
        ],
        "type": "scenario",
        "keyword": "Scenario",
        "steps": [
          {
            "result": {
              "error_message": "org.openqa.selenium.NoSuchWindowException: no such window: target window already closed\nfrom unknown error: web view not found\n  (Session info: chrome\u003d122.0.6261.95)\nBuild info: version: \u00274.9.0\u0027, revision: \u0027d7057100a6\u0027\nSystem info: os.name: \u0027Windows 10\u0027, os.arch: \u0027amd64\u0027, os.version: \u002710.0\u0027, java.version: \u00271.8.0_201\u0027\nDriver info: org.openqa.selenium.chrome.ChromeDriver\nCommand: [14448680df60fc60391dd5fb1852eacf, findElement {using\u003did, value\u003demail}]\nCapabilities {acceptInsecureCerts: false, browserName: chrome, browserVersion: 122.0.6261.95, chrome: {chromedriverVersion: 122.0.6261.94 (880dbf29479c..., userDataDir: C:\\Users\\hp\\AppData\\Local\\T...}, fedcm:accounts: true, goog:chromeOptions: {debuggerAddress: localhost:50271}, networkConnectionEnabled: false, pageLoadStrategy: normal, platformName: WINDOWS, proxy: Proxy(), se:cdp: ws://localhost:50271/devtoo..., se:cdpVersion: 122.0.6261.95, setWindowRect: true, strictFileInteractability: false, timeouts: {implicit: 0, pageLoad: 300000, script: 30000}, unhandledPromptBehavior: dismiss and notify, webauthn:extension:credBlob: true, webauthn:extension:largeBlob: true, webauthn:extension:minPinLength: true, webauthn:extension:prf: true, webauthn:virtualAuthenticators: true}\nSession ID: 14448680df60fc60391dd5fb1852eacf\r\n\tat sun.reflect.NativeConstructorAccessorImpl.newInstance0(Native Method)\r\n\tat sun.reflect.NativeConstructorAccessorImpl.newInstance(Unknown Source)\r\n\tat sun.reflect.DelegatingConstructorAccessorImpl.newInstance(Unknown Source)\r\n\tat java.lang.reflect.Constructor.newInstance(Unknown Source)\r\n\tat org.openqa.selenium.remote.codec.w3c.W3CHttpResponseCodec.createException(W3CHttpResponseCodec.java:200)\r\n\tat org.openqa.selenium.remote.codec.w3c.W3CHttpResponseCodec.decode(W3CHttpResponseCodec.java:133)\r\n\tat org.openqa.selenium.remote.codec.w3c.W3CHttpResponseCodec.decode(W3CHttpResponseCodec.java:53)\r\n\tat org.openqa.selenium.remote.HttpCommandExecutor.execute(HttpCommandExecutor.java:193)\r\n\tat org.openqa.selenium.remote.service.DriverCommandExecutor.invokeExecute(DriverCommandExecutor.java:183)\r\n\tat org.openqa.selenium.remote.service.DriverCommandExecutor.execute(DriverCommandExecutor.java:158)\r\n\tat org.openqa.selenium.remote.RemoteWebDriver.execute(RemoteWebDriver.java:543)\r\n\tat org.openqa.selenium.remote.ElementLocation$ElementFinder$2.findElement(ElementLocation.java:162)\r\n\tat org.openqa.selenium.remote.ElementLocation.findElement(ElementLocation.java:66)\r\n\tat org.openqa.selenium.remote.RemoteWebDriver.findElement(RemoteWebDriver.java:352)\r\n\tat org.openqa.selenium.remote.RemoteWebDriver.findElement(RemoteWebDriver.java:344)\r\n\tat org.openqa.selenium.support.pagefactory.DefaultElementLocator.findElement(DefaultElementLocator.java:70)\r\n\tat org.openqa.selenium.support.pagefactory.internal.LocatingElementHandler.invoke(LocatingElementHandler.java:39)\r\n\tat com.sun.proxy.$Proxy23.sendKeys(Unknown Source)\r\n\tat com.facebook.utilities.BaseClass.enterText(BaseClass.java:74)\r\n\tat com.facebook.stepdefinition.LoginSteps.user_enter_username_and_password(LoginSteps.java:72)\r\n\tat âœ½.user enter username and password(file:src/test/resources/FeatureFile/Login.feature:21)\r\n",
              "duration": 49233800,
              "status": "failed"
            },
            "line": 21,
            "name": "user enter username and password",
            "match": {
              "location": "LoginSteps.user_enter_username_and_password(DataTable)"
            },
            "rows": [
              {
                "cells": [
                  "username",
                  "password"
                ]
              },
              {
                "cells": [
                  "mno",
                  "mngt@123"
                ]
              },
              {
                "cells": [
                  "ijk",
                  "ijk@123"
                ]
              },
              {
                "cells": [
                  "lmn",
                  "ijk@12"
                ]
              },
              {
                "cells": [
                  "r15ranjith@gmail.com",
                  "Ram9992@"
                ]
              }
            ],
            "keyword": "When "
          },
          {
            "result": {
              "duration": 1088900,
              "status": "skipped"
            },
            "line": 27,
            "name": "user click login button",
            "match": {
              "location": "LoginSteps.user_click_login_button()"
            },
            "keyword": "And "
          },
          {
            "result": {
              "duration": 2289000,
              "status": "skipped"
            },
            "line": 28,
            "name": "user sees the error message for invalid login attempt",
            "match": {
              "location": "LoginSteps.user_sees_the_error_message_for_invalid_login_attempt()"
            },
            "keyword": "Then "
          }
        ],
        "tags": [
          {
            "name": "@Login"
          },
          {
            "name": "@regression"
          }
        ]
      }
    ],
    "name": "To validate the login functionlity",
    "description": "",
    "id": "to-validate-the-login-functionlity",
    "keyword": "Feature",
    "uri": "file:src/test/resources/FeatureFile/Login.feature",
    "tags": [
      {
        "name": "@Login",
        "type": "Tag",
        "location": {
          "line": 1,
          "column": 1
        }
      }
    ]
  }
]e)\r\n\tat sun.nio.ch.SocketChannelImpl.read(Unknown Source)\r\n\tat io.netty.buffer.PooledByteBuf.setBytes(PooledByteBuf.java:256)\r\n\tat io.netty.buffer.AbstractByteBuf.writeBytes(AbstractByteBuf.java:1132)\r\n\tat io.netty.channel.socket.nio.NioSocketChannel.doReadBytes(NioSocketChannel.java:357)\r\n\tat io.netty.channel.nio.AbstractNioByteChannel$NioByteUnsafe.read(AbstractNioByteChannel.java:151)\r\n\tat io.netty.channel.nio.NioEventLoop.processSelectedKey(NioEventLoop.java:788)\r\n\tat io.netty.channel.nio.NioEventLoop.processSelectedKeysOptimized(NioEventLoop.java:724)\r\n\tat io.netty.channel.nio.NioEventLoop.processSelectedKeys(NioEventLoop.java:650)\r\n\tat io.netty.channel.nio.NioEventLoop.run(NioEventLoop.java:562)\r\n\tat io.netty.util.concurrent.SingleThreadEventExecutor$4.run(SingleThreadEventExecutor.java:997)\r\n\tat io.netty.util.internal.ThreadExecutorMap$2.run(ThreadExecutorMap.java:74)\r\n\tat io.netty.util.concurrent.FastThreadLocalRunnable.run(FastThreadLocalRunnable.java:30)\r\n\tat java.lang.Thread.run(Unknown Source)\r\n",
              "duration": 42994617200,
              "status": "failed"
            },
            "match": {
              "location": "Hooks.beforeScenario()"
            }
          }
        ],
        "line": 20,
        "name": "To validate login using different credential sets",
        "description": "",
        "id": "to-validate-the-login-functionlity;to-validate-login-using-different-credential-sets",
        "after": [
          {
            "result": {
              "error_message": "org.openqa.selenium.remote.UnreachableBrowserException: Error communicating with the remote browser. It may have died.\nBuild info: version: \u00274.9.0\u0027, revision: \u0027d7057100a6\u0027\nSystem info: os.name: \u0027Windows 10\u0027, os.arch: \u0027amd64\u0027, os.version: \u002710.0\u0027, java.version: \u00271.8.0_201\u0027\nDriver info: org.openqa.selenium.chrome.ChromeDriver\nCommand: [6c342b337780e97c30d803c34d2cc69c, screenshot {}]\nCapabilities {acceptInsecureCerts: false, browserName: chrome, browserVersion: 122.0.6261.95, chrome: {chromedriverVersion: 122.0.6261.94 (880dbf29479c..., userDataDir: C:\\Users\\hp\\AppData\\Local\\T...}, fedcm:accounts: true, goog:chromeOptions: {debuggerAddress: localhost:50188}, networkConnectionEnabled: false, pageLoadStrategy: normal, platformName: WINDOWS, proxy: Proxy(), se:cdp: ws://localhost:50188/devtoo..., se:cdpVersion: 122.0.6261.95, setWindowRect: true, strictFileInteractability: false, timeouts: {implicit: 0, pageLoad: 300000, script: 30000}, unhandledPromptBehavior: dismiss and notify, webauthn:extension:credBlob: true, webauthn:extension:largeBlob: true, webauthn:extension:minPinLength: true, webauthn:extension:prf: true, webauthn:virtualAuthenticators: true}\nSession ID: 6c342b337780e97c30d803c34d2cc69c\r\n\tat org.openqa.selenium.remote.RemoteWebDriver.execute(RemoteWebDriver.java:567)\r\n\tat org.openqa.selenium.remote.RemoteWebDriver.execute(RemoteWebDriver.java:598)\r\n\tat org.openqa.selenium.remote.RemoteWebDriver.execute(RemoteWebDriver.java:602)\r\n\tat org.openqa.selenium.remote.RemoteWebDriver.getScreenshotAs(RemoteWebDriver.java:318)\r\n\tat com.facebook.stepdefinition.Hooks.afterScenario(Hooks.java:26)\r\n\tat sun.reflect.NativeMethodAccessorImpl.invoke0(Native Method)\r\n\tat sun.reflect.NativeMethodAccessorImpl.invoke(Unknown Source)\r\n\tat sun.reflect.DelegatingMethodAccessorImpl.invoke(Unknown Source)\r\n\tat java.lang.reflect.Method.invoke(Unknown Source)\r\n\tat cucumber.runtime.Utils$1.call(Utils.java:26)\r\n\tat cucumber.runtime.Timeout.timeout(Timeout.java:16)\r\n\tat cucumber.runtime.Utils.invoke(Utils.java:20)\r\n\tat cucumber.runtime.java.JavaHookDefinition.execute(JavaHookDefinition.java:65)\r\n\tat cucumber.runner.HookDefinitionMatch.runStep(HookDefinitionMatch.java:16)\r\n\tat cucumber.runner.TestStep.executeStep(TestStep.java:65)\r\n\tat cucumber.runner.TestStep.run(TestStep.java:50)\r\n\tat cucumber.runner.TestCase.run(TestCase.java:50)\r\n\tat cucumber.runner.Runner.runPickle(Runner.java:50)\r\n\tat io.cucumber.junit.PickleRunners$NoStepDescriptions.run(PickleRunners.java:146)\r\n\tat io.cucumber.junit.FeatureRunner.runChild(FeatureRunner.java:68)\r\n\tat io.cucumber.junit.FeatureRunner.runChild(FeatureRunner.java:23)\r\n\tat org.junit.runners.ParentRunner$3.run(ParentRunner.java:290)\r\n\tat org.junit.runners.ParentRunner$1.schedule(ParentRunner.java:71)\r\n\tat org.junit.runners.ParentRunner.runChildren(ParentRunner.java:288)\r\n\tat org.junit.runners.ParentRunner.access$000(ParentRunner.java:58)\r\n\tat org.junit.runners.ParentRunner$2.evaluate(ParentRunner.java:268)\r\n\tat org.junit.runners.ParentRunner.run(ParentRunner.java:363)\r\n\tat io.cucumber.junit.Cucumber.runChild(Cucumber.java:144)\r\n\tat io.cucumber.junit.Cucumber.runChild(Cucumber.java:65)\r\n\tat org.junit.runners.ParentRunner$3.run(ParentRunner.java:290)\r\n\tat org.junit.runners.ParentRunner$1.schedule(ParentRunner.java:71)\r\n\tat org.junit.runners.ParentRunner.runChildren(ParentRunner.java:288)\r\n\tat org.junit.runners.ParentRunner.access$000(ParentRunner.java:58)\r\n\tat org.junit.runners.ParentRunner$2.evaluate(ParentRunner.java:268)\r\n\tat io.cucumber.junit.Cucumber$RunCucumber.evaluate(Cucumber.java:174)\r\n\tat org.junit.internal.runners.statements.RunAfters.evaluate(RunAfters.java:27)\r\n\tat org.junit.runners.ParentRunner.run(ParentRunner.java:363)\r\n\tat org.eclipse.jdt.internal.junit4.runner.JUnit4TestReference.run(JUnit4TestReference.java:86)\r\n\tat org.eclipse.jdt.internal.junit.runner.TestExecution.run(TestExecution.java:38)\r\n\tat org.eclipse.jdt.internal.junit.runner.RemoteTestRunner.runTests(RemoteTestRunner.java:538)\r\n\tat org.eclipse.jdt.internal.junit.runner.RemoteTestRunner.runTests(RemoteTestRunner.java:760)\r\n\tat org.eclipse.jdt.internal.junit.runner.RemoteTestRunner.run(RemoteTestRunner.java:460)\r\n\tat org.eclipse.jdt.internal.junit.runner.RemoteTestRunner.main(RemoteTestRunner.java:206)\r\nCaused by: java.io.UncheckedIOException: java.net.ConnectException: Connection refused: no further information: localhost/0:0:0:0:0:0:0:1:7087\r\n\tat org.openqa.selenium.remote.http.netty.NettyHttpHandler.makeCall(NettyHttpHandler.java:73)\r\n\tat org.openqa.selenium.remote.http.AddSeleniumUserAgent.lambda$apply$0(AddSeleniumUserAgent.java:42)\r\n\tat org.openqa.selenium.remote.http.Filter.lambda$andFinally$1(Filter.java:56)\r\n\tat org.openqa.selenium.remote.http.netty.NettyHttpHandler.execute(NettyHttpHandler.java:49)\r\n\tat org.openqa.selenium.remote.http.AddSeleniumUserAgent.lambda$apply$0(AddSeleniumUserAgent.java:42)\r\n\tat org.openqa.selenium.remote.http.Filter.lambda$andFinally$1(Filter.java:56)\r\n\tat org.openqa.selenium.remote.http.netty.NettyClient.execute(NettyClient.java:99)\r\n\tat org.openqa.selenium.remote.HttpCommandExecutor.execute(HttpCommandExecutor.java:190)\r\n\tat org.openqa.selenium.remote.service.DriverCommandExecutor.invokeExecute(DriverCommandExecutor.java:183)\r\n\tat org.openqa.selenium.remote.service.DriverCommandExecutor.execute(DriverCommandExecutor.java:158)\r\n\tat org.openqa.selenium.remote.RemoteWebDriver.execute(RemoteWebDriver.java:543)\r\n\t... 42 more\r\nCaused by: java.net.ConnectException: Connection refused: no further information: localhost/0:0:0:0:0:0:0:1:7087\r\n\tat org.asynchttpclient.netty.channel.NettyConnectListener.onFailure(NettyConnectListener.java:179)\r\n\tat org.asynchttpclient.netty.channel.NettyChannelConnector$1.onFailure(NettyChannelConnector.java:108)\r\n\tat org.asynchttpclient.netty.SimpleChannelFutureListener.operationComplete(SimpleChannelFutureListener.java:28)\r\n\tat org.asynchttpclient.netty.SimpleChannelFutureListener.operationComplete(SimpleChannelFutureListener.java:20)\r\n\tat io.netty.util.concurrent.DefaultPromise.notifyListener0(DefaultPromise.java:590)\r\n\tat io.netty.util.concurrent.DefaultPromise.notifyListeners0(DefaultPromise.java:583)\r\n\tat io.netty.util.concurrent.DefaultPromise.notifyListenersNow(DefaultPromise.java:559)\r\n\tat io.netty.util.concurrent.DefaultPromise.notifyListeners(DefaultPromise.java:492)\r\n\tat io.netty.util.concurrent.DefaultPromise.setValue0(DefaultPromise.java:636)\r\n\tat io.netty.util.concurrent.DefaultPromise.setFailure0(DefaultPromise.java:629)\r\n\tat io.netty.util.concurrent.DefaultPromise.tryFailure(DefaultPromise.java:118)\r\n\tat io.netty.channel.nio.AbstractNioChannel$AbstractNioUnsafe.fulfillConnectPromise(AbstractNioChannel.java:321)\r\n\tat io.netty.channel.nio.AbstractNioChannel$AbstractNioUnsafe.finishConnect(AbstractNioChannel.java:337)\r\n\tat io.netty.channel.nio.NioEventLoop.processSelectedKey(NioEventLoop.java:776)\r\n\tat io.netty.channel.nio.NioEventLoop.processSelectedKeysOptimized(NioEventLoop.java:724)\r\n\tat io.netty.channel.nio.NioEventLoop.processSelectedKeys(NioEventLoop.java:650)\r\n\tat io.netty.channel.nio.NioEventLoop.run(NioEventLoop.java:562)\r\n\tat io.netty.util.concurrent.SingleThreadEventExecutor$4.run(SingleThreadEventExecutor.java:997)\r\n\tat io.netty.util.internal.ThreadExecutorMap$2.run(ThreadExecutorMap.java:74)\r\n\tat io.netty.util.concurrent.FastThreadLocalRunnable.run(FastThreadLocalRunnable.java:30)\r\n\tat java.lang.Thread.run(Unknown Source)\r\nCaused by: io.netty.channel.AbstractChannel$AnnotatedConnectException: Connection refused: no further information: localhost/0:0:0:0:0:0:0:1:7087\r\nCaused by: java.net.ConnectException: Connection refused: no further information\r\n\tat sun.nio.ch.SocketChannelImpl.checkConnect(Native Method)\r\n\tat sun.nio.ch.SocketChannelImpl.finishConnect(Unknown Source)\r\n\tat io.netty.channel.socket.nio.NioSocketChannel.doFinishConnect(NioSocketChannel.java:337)\r\n\tat io.netty.channel.nio.AbstractNioChannel$AbstractNioUnsafe.finishConnect(AbstractNioChannel.java:334)\r\n\tat io.netty.channel.nio.NioEventLoop.processSelectedKey(NioEventLoop.java:776)\r\n\tat io.netty.channel.nio.NioEventLoop.processSelectedKeysOptimized(NioEventLoop.java:724)\r\n\tat io.netty.channel.nio.NioEventLoop.processSelectedKeys(NioEventLoop.java:650)\r\n\tat io.netty.channel.nio.NioEventLoop.run(NioEventLoop.java:562)\r\n\tat io.netty.util.concurrent.SingleThreadEventExecutor$4.run(SingleThreadEventExecutor.java:997)\r\n\tat io.netty.util.internal.ThreadExecutorMap$2.run(ThreadExecutorMap.java:74)\r\n\tat io.netty.util.concurrent.FastThreadLocalRunnable.run(FastThreadLocalRunnable.java:30)\r\n\tat java.lang.Thread.run(Unknown Source)\r\n",
              "duration": 4068044600,
              "status": "failed"
            },
            "match": {
              "location": "Hooks.afterScenario(Scenario)"
            }
          }
        ],
        "type": "scenario",
        "keyword": "Scenario",
        "steps": [
          {
            "result": {
              "duration": 13494200,
              "status": "skipped"
            },
            "line": 21,
            "name": "user enter username and password",
            "match": {
              "location": "LoginSteps.user_enter_username_and_password(DataTable)"
            },
            "rows": [
              {
                "cells": [
                  "username",
                  "password"
                ]
              },
              {
                "cells": [
                  "mno",
                  "mngt@123"
                ]
              },
              {
                "cells": [
                  "ijk",
                  "ijk@123"
                ]
              },
              {
                "cells": [
                  "lmn",
                  "ijk@12"
                ]
              },
              {
                "cells": [
                  "r15ranjith@gmail.com",
                  "Ram9992@"
                ]
              }
            ],
            "keyword": "When "
          },
          {
            "result": {
              "duration": 1450499,
              "status": "skipped"
            },
            "line": 27,
            "name": "user click login button",
            "match": {
              "location": "LoginSteps.user_click_login_button()"
            },
            "keyword": "And "
          },
          {
            "result": {
              "duration": 994499,
              "status": "skipped"
            },
            "line": 28,
            "name": "user sees the error message for invalid login attempt",
            "match": {
              "location": "LoginSteps.user_sees_the_error_message_for_invalid_login_attempt()"
            },
            "keyword": "Then "
          }
        ],
        "tags": [
          {
            "name": "@Login"
          },
          {
            "name": "@regression"
          }
        ]
      }
    ],
    "name": "To validate the login functionlity",
    "description": "",
    "id": "to-validate-the-login-functionlity",
    "keyword": "Feature",
    "uri": "file:src/test/resources/FeatureFile/Login.feature",
    "tags": [
      {
        "name": "@Login",
        "type": "Tag",
        "location": {
          "line": 1,
          "column": 1
        }
      }
    ]
  }
]